<?xml version="1.0" encoding="UTF-8"?>
<testsuites name="Reshna - All TCs Suite" time="526.014" tests="20" failures="2" errors="0">
   <testsuite name="Reshna - All TCs Suite" tests="20" failures="2" errors="0" time="526.014" skipped="0" timestamp="2023-10-31 16:23:50" hostname="rchalil - USPRNRCHALIL2.us.deloitte.com" id="Test Suites/Reshna - All TCs Suite">
      <properties>
         <property name="deviceName" value=""/>
         <property name="devicePlatform" value=""/>
         <property name="logFolder" value="C:\\Users\\rchalil\\Katalon Studio\\My First Web UI Project\\Reports\\20231031_162345\\Reshna - All TCs Suite\\20231031_162345"/>
         <property name="logFiles" value="C:\\Users\\rchalil\\Katalon Studio\\My First Web UI Project\\Reports\\20231031_162345\\Reshna - All TCs Suite\\20231031_162345\\execution0.log"/>
         <property name="attachments" value="C:\\Users\\rchalil\\Katalon Studio\\My First Web UI Project\\Reports\\20231031_162345\\Reshna - All TCs Suite\\20231031_162345\\1698784067119.png, C:\\Users\\rchalil\\Katalon Studio\\My First Web UI Project\\Reports\\20231031_162345\\Reshna - All TCs Suite\\20231031_162345\\1698784115274.png, C:\\Users\\rchalil\\Katalon Studio\\My First Web UI Project\\Reports\\20231031_162345\\Reshna - All TCs Suite\\20231031_162345\\1698784164856.png, C:\\Users\\rchalil\\Katalon Studio\\My First Web UI Project\\Reports\\20231031_162345\\Reshna - All TCs Suite\\20231031_162345\\1698784206686.png, C:\\Users\\rchalil\\Katalon Studio\\My First Web UI Project\\Reports\\20231031_162345\\Reshna - All TCs Suite\\20231031_162345\\1698784240876.png, C:\\Users\\rchalil\\Katalon Studio\\My First Web UI Project\\Reports\\20231031_162345\\Reshna - All TCs Suite\\20231031_162345\\1698784253234.png, C:\\Users\\rchalil\\Katalon Studio\\My First Web UI Project\\Reports\\20231031_162345\\Reshna - All TCs Suite\\20231031_162345\\1698784266139.png, C:\\Users\\rchalil\\Katalon Studio\\My First Web UI Project\\Reports\\20231031_162345\\Reshna - All TCs Suite\\20231031_162345\\1698784279990.png"/>
         <property name="hostName" value="rchalil - USPRNRCHALIL2.us.deloitte.com"/>
         <property name="os" value="Windows 10 64bit"/>
         <property name="katalonVersion" value="9.0.0.212"/>
         <property name="browser" value="Chrome 118.0.0.0"/>
         <property name="hostAddress" value="10.0.0.182"/>
         <property name="sessionId" value="802853831b301d314340745e5b12bfb2"/>
         <property name="seleniumVersion" value="3.141.59"/>
         <property name="proxyInformation" value="ProxyInformation { proxyOption=NO_PROXY, proxyServerType=HTTP, username=, password=********, proxyServerAddress=, proxyServerPort=0, executionList=&quot;&quot;, isApplyToDesiredCapabilities=true }"/>
         <property name="platform" value="Windows 10"/>
      </properties>
      <testcase name="Test Cases/Gmail - Try again with invalid login" time="13.657" classname="Test Cases/Gmail - Try again with invalid login" status="PASSED">
         <system-out><![CDATA[2023-10-31 16:23:50 - [TEST_CASE][PASSED] - Test Cases/Gmail - Try again with invalid login: Test Cases/Gmail - Try again with invalid login

2023-10-31 16:23:50 - [TEST_STEP][PASSED] - Start listener action : sampleBeforeTestCase: null

2023-10-31 16:23:50 - [TEST_STEP][PASSED] - println(testCaseContext.getTestCaseId()): null

2023-10-31 16:23:50 - [TEST_STEP][PASSED] - println(testCaseContext.getTestCaseVariables()): null

2023-10-31 16:23:50 - [TEST_STEP][PASSED] - openBrowser(""): Browser is opened with url: ''

2023-10-31 16:23:50 - [MESSAGE][INFO] - Starting 'Chrome' driver

2023-10-31 16:23:51 - [MESSAGE][INFO] - Action delay is set to 0 milliseconds

2023-10-31 16:23:53 - [MESSAGE][PASSED] - Browser is opened with url: ''

2023-10-31 16:23:53 - [TEST_STEP][PASSED] - navigateToUrl("https://accounts.google.com/v3/signin/identifier?continue=https%3A%2F%2Fmail.google.com%2Fmail%2Fu%2F0%2F&emr=1&followup=https%3A%2F%2Fmail.google.com%2Fmail%2Fu%2F0%2F&ifkv=AVQVeywjvDYoN5FDADVUpdLkv_4Dss1DZHwOFdZCBX9CuM3ITel-sS3Srk5PAoPo89chcvj7pJ2Kng&osid=1&passive=1209600&service=mail&flowName=GlifWebSignIn&flowEntry=ServiceLogin&dsh=S218891431%3A1698778883803894&theme=glif#inbox"): Navigate to 'https://accounts.google.com/v3/signin/identifier?continue=https%3A%2F%2Fmail.google.com%2Fmail%2Fu%2F0%2F&emr=1&followup=https%3A%2F%2Fmail.google.com%2Fmail%2Fu%2F0%2F&ifkv=AVQVeywjvDYoN5FDADVUpdLkv_4Dss1DZHwOFdZCBX9CuM3ITel-sS3Srk5PAoPo89chcvj7pJ2Kng&osid=1&passive=1209600&service=mail&flowName=GlifWebSignIn&flowEntry=ServiceLogin&dsh=S218891431%3A1698778883803894&theme=glif#inbox' successfully

2023-10-31 16:23:54 - [MESSAGE][PASSED] - Navigate to 'https://accounts.google.com/v3/signin/identifier?continue=https%3A%2F%2Fmail.google.com%2Fmail%2Fu%2F0%2F&emr=1&followup=https%3A%2F%2Fmail.google.com%2Fmail%2Fu%2F0%2F&ifkv=AVQVeywjvDYoN5FDADVUpdLkv_4Dss1DZHwOFdZCBX9CuM3ITel-sS3Srk5PAoPo89chcvj7pJ2Kng&osid=1&passive=1209600&service=mail&flowName=GlifWebSignIn&flowEntry=ServiceLogin&dsh=S218891431%3A1698778883803894&theme=glif#inbox' successfully

2023-10-31 16:23:54 - [TEST_STEP][PASSED] - maximizeWindow(): Current window maximized

2023-10-31 16:23:54 - [MESSAGE][PASSED] - Current window maximized

2023-10-31 16:23:54 - [TEST_STEP][PASSED] - setText(findTestObject("Object Repository/Gmail/Page_Gmail/input_identifier"), "abcxyz"): Text 'abcxyz' is set on object 'Object Repository/Gmail/Page_Gmail/input_identifier'

2023-10-31 16:23:55 - [MESSAGE][PASSED] - Text 'abcxyz' is set on object 'Object Repository/Gmail/Page_Gmail/input_identifier'

2023-10-31 16:23:55 - [TEST_STEP][PASSED] - click(findTestObject("Object Repository/Gmail/Page_Gmail/span_Next")): Object: 'Object Repository/Gmail/Page_Gmail/span_Next' is clicked on

2023-10-31 16:23:57 - [MESSAGE][PASSED] - Object: 'Object Repository/Gmail/Page_Gmail/span_Next' is clicked on

2023-10-31 16:23:57 - [TEST_STEP][PASSED] - click(findTestObject("Object Repository/Gmail/Page_Gmail/a_WpHeLc VfPpkd-mRLv6 VfPpkd-RLmnJb")): Object: 'Object Repository/Gmail/Page_Gmail/a_WpHeLc VfPpkd-mRLv6 VfPpkd-RLmnJb' is clicked on

2023-10-31 16:24:01 - [MESSAGE][PASSED] - Object: 'Object Repository/Gmail/Page_Gmail/a_WpHeLc VfPpkd-mRLv6 VfPpkd-RLmnJb' is clicked on

2023-10-31 16:24:01 - [TEST_STEP][PASSED] - setText(findTestObject("Object Repository/Gmail/Page_Gmail/input_identifier"), "abcxyz"): Text 'abcxyz' is set on object 'Object Repository/Gmail/Page_Gmail/input_identifier'

2023-10-31 16:24:02 - [MESSAGE][PASSED] - Text 'abcxyz' is set on object 'Object Repository/Gmail/Page_Gmail/input_identifier'

2023-10-31 16:24:02 - [TEST_STEP][PASSED] - click(findTestObject("Object Repository/Gmail/Page_Gmail/span_Next")): Object: 'Object Repository/Gmail/Page_Gmail/span_Next' is clicked on

2023-10-31 16:24:02 - [MESSAGE][PASSED] - Object: 'Object Repository/Gmail/Page_Gmail/span_Next' is clicked on

2023-10-31 16:24:02 - [TEST_STEP][PASSED] - verifyElementPresent(findTestObject("Object Repository/Gmail/Page_Gmail/a_WpHeLc VfPpkd-mRLv6 VfPpkd-RLmnJb_1"), 0): Object 'Object Repository/Gmail/Page_Gmail/a_WpHeLc VfPpkd-mRLv6 VfPpkd-RLmnJb_1' is present

2023-10-31 16:24:02 - [MESSAGE][WARNING] - Timeout '0' is invalid. Using default page load timeout: '30'

2023-10-31 16:24:03 - [MESSAGE][PASSED] - Object 'Object Repository/Gmail/Page_Gmail/a_WpHeLc VfPpkd-mRLv6 VfPpkd-RLmnJb_1' is present

2023-10-31 16:24:03 - [TEST_STEP][PASSED] - closeBrowser(): Browser is closed

2023-10-31 16:24:04 - [MESSAGE][PASSED] - Browser is closed

2023-10-31 16:24:04 - [TEST_STEP][PASSED] - Start listener action : sampleAfterTestCase: null

2023-10-31 16:24:04 - [TEST_STEP][PASSED] - println(testCaseContext.getTestCaseId()): null

2023-10-31 16:24:04 - [TEST_STEP][PASSED] - println(testCaseContext.getTestCaseStatus()): null]]></system-out>
         <system-err><![CDATA[]]></system-err>
      </testcase>
      <testcase name="Test Cases/Gmail - Verify the validation message" time="4.925" classname="Test Cases/Gmail - Verify the validation message" status="PASSED">
         <system-out><![CDATA[2023-10-31 16:24:04 - [TEST_CASE][PASSED] - Test Cases/Gmail - Verify the validation message: Test Cases/Gmail - Verify the validation message

2023-10-31 16:24:04 - [TEST_STEP][PASSED] - Start listener action : sampleBeforeTestCase: null

2023-10-31 16:24:04 - [TEST_STEP][PASSED] - println(testCaseContext.getTestCaseId()): null

2023-10-31 16:24:04 - [TEST_STEP][PASSED] - println(testCaseContext.getTestCaseVariables()): null

2023-10-31 16:24:04 - [TEST_STEP][PASSED] - openBrowser(""): Browser is opened with url: ''

2023-10-31 16:24:04 - [MESSAGE][INFO] - Starting 'Chrome' driver

2023-10-31 16:24:04 - [MESSAGE][INFO] - Action delay is set to 0 milliseconds

2023-10-31 16:24:06 - [MESSAGE][PASSED] - Browser is opened with url: ''

2023-10-31 16:24:06 - [TEST_STEP][PASSED] - navigateToUrl("https://accounts.google.com/v3/signin/identifier?continue=https%3A%2F%2Fmail.google.com%2Fmail%2Fu%2F0%2F&emr=1&followup=https%3A%2F%2Fmail.google.com%2Fmail%2Fu%2F0%2F&ifkv=AVQVeyzR6pw5d28fypnZRPD2z3UMAtruQJTmGrturMB1BE3plFqEShDNo4O4MTXu67xx9JFqi_TIZw&osid=1&passive=1209600&service=mail&flowName=GlifWebSignIn&flowEntry=ServiceLogin&dsh=S1292309958%3A1698780033683571&theme=glif#inbox"): Navigate to 'https://accounts.google.com/v3/signin/identifier?continue=https%3A%2F%2Fmail.google.com%2Fmail%2Fu%2F0%2F&emr=1&followup=https%3A%2F%2Fmail.google.com%2Fmail%2Fu%2F0%2F&ifkv=AVQVeyzR6pw5d28fypnZRPD2z3UMAtruQJTmGrturMB1BE3plFqEShDNo4O4MTXu67xx9JFqi_TIZw&osid=1&passive=1209600&service=mail&flowName=GlifWebSignIn&flowEntry=ServiceLogin&dsh=S1292309958%3A1698780033683571&theme=glif#inbox' successfully

2023-10-31 16:24:07 - [MESSAGE][PASSED] - Navigate to 'https://accounts.google.com/v3/signin/identifier?continue=https%3A%2F%2Fmail.google.com%2Fmail%2Fu%2F0%2F&emr=1&followup=https%3A%2F%2Fmail.google.com%2Fmail%2Fu%2F0%2F&ifkv=AVQVeyzR6pw5d28fypnZRPD2z3UMAtruQJTmGrturMB1BE3plFqEShDNo4O4MTXu67xx9JFqi_TIZw&osid=1&passive=1209600&service=mail&flowName=GlifWebSignIn&flowEntry=ServiceLogin&dsh=S1292309958%3A1698780033683571&theme=glif#inbox' successfully

2023-10-31 16:24:07 - [TEST_STEP][PASSED] - maximizeWindow(): Current window maximized

2023-10-31 16:24:07 - [MESSAGE][PASSED] - Current window maximized

2023-10-31 16:24:07 - [TEST_STEP][PASSED] - click(findTestObject("Object Repository/Gmail/Page_Gmail/span_Next")): Object: 'Object Repository/Gmail/Page_Gmail/span_Next' is clicked on

2023-10-31 16:24:08 - [MESSAGE][PASSED] - Object: 'Object Repository/Gmail/Page_Gmail/span_Next' is clicked on

2023-10-31 16:24:08 - [TEST_STEP][PASSED] - verifyElementPresent(findTestObject("Object Repository/Gmail/Page_Gmail/div_Email or phoneEnter an email or phone number"), 0): Object 'Object Repository/Gmail/Page_Gmail/div_Email or phoneEnter an email or phone number' is present

2023-10-31 16:24:08 - [MESSAGE][WARNING] - Timeout '0' is invalid. Using default page load timeout: '30'

2023-10-31 16:24:08 - [MESSAGE][PASSED] - Object 'Object Repository/Gmail/Page_Gmail/div_Email or phoneEnter an email or phone number' is present

2023-10-31 16:24:08 - [TEST_STEP][PASSED] - closeBrowser(): Browser is closed

2023-10-31 16:24:09 - [MESSAGE][PASSED] - Browser is closed

2023-10-31 16:24:09 - [TEST_STEP][PASSED] - Start listener action : sampleAfterTestCase: null

2023-10-31 16:24:09 - [TEST_STEP][PASSED] - println(testCaseContext.getTestCaseId()): null

2023-10-31 16:24:09 - [TEST_STEP][PASSED] - println(testCaseContext.getTestCaseStatus()): null]]></system-out>
         <system-err><![CDATA[]]></system-err>
      </testcase>
      <testcase name="Test Cases/Katalon - Benefits test" time="15.086" classname="Test Cases/Katalon - Benefits test" status="PASSED">
         <system-out><![CDATA[2023-10-31 16:24:09 - [TEST_CASE][PASSED] - Test Cases/Katalon - Benefits test: Test Cases/Katalon - Benefits test

2023-10-31 16:24:09 - [TEST_STEP][PASSED] - Start listener action : sampleBeforeTestCase: null

2023-10-31 16:24:09 - [TEST_STEP][PASSED] - println(testCaseContext.getTestCaseId()): null

2023-10-31 16:24:09 - [TEST_STEP][PASSED] - println(testCaseContext.getTestCaseVariables()): null

2023-10-31 16:24:09 - [TEST_STEP][PASSED] - openBrowser(""): Browser is opened with url: ''

2023-10-31 16:24:09 - [MESSAGE][INFO] - Starting 'Chrome' driver

2023-10-31 16:24:09 - [MESSAGE][INFO] - Action delay is set to 0 milliseconds

2023-10-31 16:24:11 - [MESSAGE][PASSED] - Browser is opened with url: ''

2023-10-31 16:24:11 - [TEST_STEP][PASSED] - navigateToUrl("https://katalon.com/"): Navigate to 'https://katalon.com/' successfully

2023-10-31 16:24:15 - [MESSAGE][PASSED] - Navigate to 'https://katalon.com/' successfully

2023-10-31 16:24:15 - [TEST_STEP][PASSED] - maximizeWindow(): Current window maximized

2023-10-31 16:24:15 - [MESSAGE][PASSED] - Current window maximized

2023-10-31 16:24:15 - [TEST_STEP][PASSED] - click(findTestObject("Object Repository/Katalon/Page_Katalon AI-augmented Software Quality _596167/button_Accept All Cookies")): Object: 'Object Repository/Katalon/Page_Katalon AI-augmented Software Quality _596167/button_Accept All Cookies' is clicked on

2023-10-31 16:24:17 - [MESSAGE][PASSED] - Object: 'Object Repository/Katalon/Page_Katalon AI-augmented Software Quality _596167/button_Accept All Cookies' is clicked on

2023-10-31 16:24:17 - [TEST_STEP][PASSED] - click(findTestObject("Object Repository/Katalon/Page_Katalon AI-augmented Software Quality _596167/div_View a demo")): Object: 'Object Repository/Katalon/Page_Katalon AI-augmented Software Quality _596167/div_View a demo' is clicked on

2023-10-31 16:24:20 - [MESSAGE][PASSED] - Object: 'Object Repository/Katalon/Page_Katalon AI-augmented Software Quality _596167/div_View a demo' is clicked on

2023-10-31 16:24:20 - [TEST_STEP][PASSED] - verifyElementPresent(findTestObject("Object Repository/Katalon/Page_View a demo  Katalon/div_Seamless test automation with an end-to_9d1ee8"), 0): Object 'Object Repository/Katalon/Page_View a demo  Katalon/div_Seamless test automation with an end-to_9d1ee8' is present

2023-10-31 16:24:20 - [MESSAGE][WARNING] - Timeout '0' is invalid. Using default page load timeout: '30'

2023-10-31 16:24:22 - [MESSAGE][PASSED] - Object 'Object Repository/Katalon/Page_View a demo  Katalon/div_Seamless test automation with an end-to_9d1ee8' is present

2023-10-31 16:24:22 - [TEST_STEP][PASSED] - verifyElementPresent(findTestObject("Object Repository/Katalon/Page_View a demo  Katalon/div_Visibility throughout the test pipeline"), 0): Object 'Object Repository/Katalon/Page_View a demo  Katalon/div_Visibility throughout the test pipeline' is present

2023-10-31 16:24:22 - [MESSAGE][WARNING] - Timeout '0' is invalid. Using default page load timeout: '30'

2023-10-31 16:24:22 - [MESSAGE][PASSED] - Object 'Object Repository/Katalon/Page_View a demo  Katalon/div_Visibility throughout the test pipeline' is present

2023-10-31 16:24:22 - [TEST_STEP][PASSED] - verifyElementPresent(findTestObject("Object Repository/Katalon/Page_View a demo  Katalon/div_Centralized workflows to focus on softw_0ff7fc"), 0): Object 'Object Repository/Katalon/Page_View a demo  Katalon/div_Centralized workflows to focus on softw_0ff7fc' is present

2023-10-31 16:24:22 - [MESSAGE][WARNING] - Timeout '0' is invalid. Using default page load timeout: '30'

2023-10-31 16:24:22 - [MESSAGE][PASSED] - Object 'Object Repository/Katalon/Page_View a demo  Katalon/div_Centralized workflows to focus on softw_0ff7fc' is present

2023-10-31 16:24:22 - [TEST_STEP][PASSED] - verifyElementPresent(findTestObject("Object Repository/Katalon/Page_View a demo  Katalon/div_Low-code UI to keep everyone, tech or b_bd4e50"), 0): Object 'Object Repository/Katalon/Page_View a demo  Katalon/div_Low-code UI to keep everyone, tech or b_bd4e50' is present

2023-10-31 16:24:22 - [MESSAGE][WARNING] - Timeout '0' is invalid. Using default page load timeout: '30'

2023-10-31 16:24:23 - [MESSAGE][PASSED] - Object 'Object Repository/Katalon/Page_View a demo  Katalon/div_Low-code UI to keep everyone, tech or b_bd4e50' is present

2023-10-31 16:24:23 - [TEST_STEP][PASSED] - verifyElementPresent(findTestObject("Object Repository/Katalon/Page_View a demo  Katalon/div_Out-of-the-box fit for any ALM, CI tool_5242ad"), 0): Object 'Object Repository/Katalon/Page_View a demo  Katalon/div_Out-of-the-box fit for any ALM, CI tool_5242ad' is present

2023-10-31 16:24:23 - [MESSAGE][WARNING] - Timeout '0' is invalid. Using default page load timeout: '30'

2023-10-31 16:24:23 - [MESSAGE][PASSED] - Object 'Object Repository/Katalon/Page_View a demo  Katalon/div_Out-of-the-box fit for any ALM, CI tool_5242ad' is present

2023-10-31 16:24:23 - [TEST_STEP][PASSED] - closeBrowser(): Browser is closed

2023-10-31 16:24:24 - [MESSAGE][PASSED] - Browser is closed

2023-10-31 16:24:24 - [TEST_STEP][PASSED] - Start listener action : sampleAfterTestCase: null

2023-10-31 16:24:24 - [TEST_STEP][PASSED] - println(testCaseContext.getTestCaseId()): null

2023-10-31 16:24:24 - [TEST_STEP][PASSED] - println(testCaseContext.getTestCaseStatus()): null]]></system-out>
         <system-err><![CDATA[]]></system-err>
      </testcase>
      <testcase name="Test Cases/Katalon - Review star verification" time="13.209" classname="Test Cases/Katalon - Review star verification" status="PASSED">
         <system-out><![CDATA[2023-10-31 16:24:24 - [TEST_CASE][PASSED] - Test Cases/Katalon - Review star verification: Test Cases/Katalon - Review star verification

2023-10-31 16:24:24 - [TEST_STEP][PASSED] - Start listener action : sampleBeforeTestCase: null

2023-10-31 16:24:24 - [TEST_STEP][PASSED] - println(testCaseContext.getTestCaseId()): null

2023-10-31 16:24:24 - [TEST_STEP][PASSED] - println(testCaseContext.getTestCaseVariables()): null

2023-10-31 16:24:24 - [TEST_STEP][PASSED] - openBrowser(""): Browser is opened with url: ''

2023-10-31 16:24:24 - [MESSAGE][INFO] - Starting 'Chrome' driver

2023-10-31 16:24:24 - [MESSAGE][INFO] - Action delay is set to 0 milliseconds

2023-10-31 16:24:27 - [MESSAGE][PASSED] - Browser is opened with url: ''

2023-10-31 16:24:27 - [TEST_STEP][PASSED] - navigateToUrl("https://katalon.com/"): Navigate to 'https://katalon.com/' successfully

2023-10-31 16:24:31 - [MESSAGE][PASSED] - Navigate to 'https://katalon.com/' successfully

2023-10-31 16:24:31 - [TEST_STEP][PASSED] - maximizeWindow(): Current window maximized

2023-10-31 16:24:31 - [MESSAGE][PASSED] - Current window maximized

2023-10-31 16:24:31 - [TEST_STEP][PASSED] - click(findTestObject("Object Repository/Katalon/Page_Katalon AI-augmented Software Quality _596167/button_Accept All Cookies")): Object: 'Object Repository/Katalon/Page_Katalon AI-augmented Software Quality _596167/button_Accept All Cookies' is clicked on

2023-10-31 16:24:32 - [MESSAGE][PASSED] - Object: 'Object Repository/Katalon/Page_Katalon AI-augmented Software Quality _596167/button_Accept All Cookies' is clicked on

2023-10-31 16:24:32 - [TEST_STEP][PASSED] - click(findTestObject("Object Repository/Katalon/Page_Katalon AI-augmented Software Quality _596167/div_View a demo")): Object: 'Object Repository/Katalon/Page_Katalon AI-augmented Software Quality _596167/div_View a demo' is clicked on

2023-10-31 16:24:35 - [MESSAGE][PASSED] - Object: 'Object Repository/Katalon/Page_Katalon AI-augmented Software Quality _596167/div_View a demo' is clicked on

2023-10-31 16:24:35 - [TEST_STEP][PASSED] - verifyElementPresent(findTestObject("Object Repository/Katalon/Page_View a demo  Katalon/img_rating"), 0): Object 'Object Repository/Katalon/Page_View a demo  Katalon/img_rating' is present

2023-10-31 16:24:35 - [MESSAGE][WARNING] - Timeout '0' is invalid. Using default page load timeout: '30'

2023-10-31 16:24:36 - [MESSAGE][PASSED] - Object 'Object Repository/Katalon/Page_View a demo  Katalon/img_rating' is present

2023-10-31 16:24:36 - [TEST_STEP][PASSED] - closeBrowser(): Browser is closed

2023-10-31 16:24:37 - [MESSAGE][PASSED] - Browser is closed

2023-10-31 16:24:37 - [TEST_STEP][PASSED] - Start listener action : sampleAfterTestCase: null

2023-10-31 16:24:37 - [TEST_STEP][PASSED] - println(testCaseContext.getTestCaseId()): null

2023-10-31 16:24:37 - [TEST_STEP][PASSED] - println(testCaseContext.getTestCaseStatus()): null]]></system-out>
         <system-err><![CDATA[]]></system-err>
      </testcase>
      <testcase name="Test Cases/Katalon - Verify Contact us link is present" time="12.178" classname="Test Cases/Katalon - Verify Contact us link is present" status="PASSED">
         <system-out><![CDATA[2023-10-31 16:24:37 - [TEST_CASE][PASSED] - Test Cases/Katalon - Verify Contact us link is present: Test Cases/Katalon - Verify Contact us link is present

2023-10-31 16:24:37 - [TEST_STEP][PASSED] - Start listener action : sampleBeforeTestCase: null

2023-10-31 16:24:37 - [TEST_STEP][PASSED] - println(testCaseContext.getTestCaseId()): null

2023-10-31 16:24:37 - [TEST_STEP][PASSED] - println(testCaseContext.getTestCaseVariables()): null

2023-10-31 16:24:37 - [TEST_STEP][PASSED] - openBrowser(""): Browser is opened with url: ''

2023-10-31 16:24:37 - [MESSAGE][INFO] - Starting 'Chrome' driver

2023-10-31 16:24:37 - [MESSAGE][INFO] - Action delay is set to 0 milliseconds

2023-10-31 16:24:40 - [MESSAGE][PASSED] - Browser is opened with url: ''

2023-10-31 16:24:40 - [TEST_STEP][PASSED] - navigateToUrl("https://katalon.com/"): Navigate to 'https://katalon.com/' successfully

2023-10-31 16:24:43 - [MESSAGE][PASSED] - Navigate to 'https://katalon.com/' successfully

2023-10-31 16:24:43 - [TEST_STEP][PASSED] - maximizeWindow(): Current window maximized

2023-10-31 16:24:43 - [MESSAGE][PASSED] - Current window maximized

2023-10-31 16:24:43 - [TEST_STEP][PASSED] - click(findTestObject("Object Repository/Katalon/Page_Katalon AI-augmented Software Quality _596167/button_Accept All Cookies")): Object: 'Object Repository/Katalon/Page_Katalon AI-augmented Software Quality _596167/button_Accept All Cookies' is clicked on

2023-10-31 16:24:45 - [MESSAGE][PASSED] - Object: 'Object Repository/Katalon/Page_Katalon AI-augmented Software Quality _596167/button_Accept All Cookies' is clicked on

2023-10-31 16:24:45 - [TEST_STEP][PASSED] - verifyElementPresent(findTestObject("Object Repository/Katalon/Page_Katalon AI-augmented Software Quality _596167/a_Contact us"), 0): Object 'Object Repository/Katalon/Page_Katalon AI-augmented Software Quality _596167/a_Contact us' is present

2023-10-31 16:24:45 - [MESSAGE][WARNING] - Timeout '0' is invalid. Using default page load timeout: '30'

2023-10-31 16:24:46 - [MESSAGE][PASSED] - Object 'Object Repository/Katalon/Page_Katalon AI-augmented Software Quality _596167/a_Contact us' is present

2023-10-31 16:24:46 - [TEST_STEP][PASSED] - click(findTestObject("Object Repository/Katalon/Page_Katalon AI-augmented Software Quality _596167/a_Contact us")): Object: 'Object Repository/Katalon/Page_Katalon AI-augmented Software Quality _596167/a_Contact us' is clicked on

2023-10-31 16:24:48 - [MESSAGE][PASSED] - Object: 'Object Repository/Katalon/Page_Katalon AI-augmented Software Quality _596167/a_Contact us' is clicked on

2023-10-31 16:24:48 - [TEST_STEP][PASSED] - verifyElementPresent(findTestObject("Object Repository/Katalon/Page_Contact Us  Katalon Quality Management_4f5e38/h1_How can we help"), 0): Object 'Object Repository/Katalon/Page_Contact Us  Katalon Quality Management_4f5e38/h1_How can we help' is present

2023-10-31 16:24:48 - [MESSAGE][WARNING] - Timeout '0' is invalid. Using default page load timeout: '30'

2023-10-31 16:24:49 - [MESSAGE][PASSED] - Object 'Object Repository/Katalon/Page_Contact Us  Katalon Quality Management_4f5e38/h1_How can we help' is present

2023-10-31 16:24:49 - [TEST_STEP][PASSED] - closeBrowser(): Browser is closed

2023-10-31 16:24:49 - [MESSAGE][PASSED] - Browser is closed

2023-10-31 16:24:49 - [TEST_STEP][PASSED] - Start listener action : sampleAfterTestCase: null

2023-10-31 16:24:49 - [TEST_STEP][PASSED] - println(testCaseContext.getTestCaseId()): null

2023-10-31 16:24:49 - [TEST_STEP][PASSED] - println(testCaseContext.getTestCaseStatus()): null]]></system-out>
         <system-err><![CDATA[]]></system-err>
      </testcase>
      <testcase name="Test Cases/Katalon - Verify Gartner in Katalon site" time="11.904" classname="Test Cases/Katalon - Verify Gartner in Katalon site" status="PASSED">
         <system-out><![CDATA[2023-10-31 16:24:49 - [TEST_CASE][PASSED] - Test Cases/Katalon - Verify Gartner in Katalon site: Test Cases/Katalon - Verify Gartner in Katalon site

2023-10-31 16:24:49 - [TEST_STEP][PASSED] - Start listener action : sampleBeforeTestCase: null

2023-10-31 16:24:49 - [TEST_STEP][PASSED] - println(testCaseContext.getTestCaseId()): null

2023-10-31 16:24:49 - [TEST_STEP][PASSED] - println(testCaseContext.getTestCaseVariables()): null

2023-10-31 16:24:49 - [TEST_STEP][PASSED] - openBrowser(""): Browser is opened with url: ''

2023-10-31 16:24:49 - [MESSAGE][INFO] - Starting 'Chrome' driver

2023-10-31 16:24:49 - [MESSAGE][INFO] - Action delay is set to 0 milliseconds

2023-10-31 16:24:52 - [MESSAGE][PASSED] - Browser is opened with url: ''

2023-10-31 16:24:52 - [TEST_STEP][PASSED] - navigateToUrl("https://katalon.com/"): Navigate to 'https://katalon.com/' successfully

2023-10-31 16:24:56 - [MESSAGE][PASSED] - Navigate to 'https://katalon.com/' successfully

2023-10-31 16:24:56 - [TEST_STEP][PASSED] - click(findTestObject("Object Repository/Katalon/Page_Katalon AI-augmented Software Quality _596167/button_Accept All Cookies")): Object: 'Object Repository/Katalon/Page_Katalon AI-augmented Software Quality _596167/button_Accept All Cookies' is clicked on

2023-10-31 16:24:56 - [MESSAGE][PASSED] - Object: 'Object Repository/Katalon/Page_Katalon AI-augmented Software Quality _596167/button_Accept All Cookies' is clicked on

2023-10-31 16:24:56 - [TEST_STEP][PASSED] - click(findTestObject("Object Repository/Katalon/Page_Katalon AI-augmented Software Quality _596167/div_View a demo")): Object: 'Object Repository/Katalon/Page_Katalon AI-augmented Software Quality _596167/div_View a demo' is clicked on

2023-10-31 16:24:59 - [MESSAGE][PASSED] - Object: 'Object Repository/Katalon/Page_Katalon AI-augmented Software Quality _596167/div_View a demo' is clicked on

2023-10-31 16:24:59 - [TEST_STEP][PASSED] - verifyElementPresent(findTestObject("Object Repository/Katalon/Page_View a demo  Katalon/img_industry"), 0): Object 'Object Repository/Katalon/Page_View a demo  Katalon/img_industry' is present

2023-10-31 16:24:59 - [MESSAGE][WARNING] - Timeout '0' is invalid. Using default page load timeout: '30'

2023-10-31 16:25:01 - [MESSAGE][PASSED] - Object 'Object Repository/Katalon/Page_View a demo  Katalon/img_industry' is present

2023-10-31 16:25:01 - [TEST_STEP][PASSED] - closeBrowser(): Browser is closed

2023-10-31 16:25:01 - [MESSAGE][PASSED] - Browser is closed

2023-10-31 16:25:01 - [TEST_STEP][PASSED] - Start listener action : sampleAfterTestCase: null

2023-10-31 16:25:01 - [TEST_STEP][PASSED] - println(testCaseContext.getTestCaseId()): null

2023-10-31 16:25:01 - [TEST_STEP][PASSED] - println(testCaseContext.getTestCaseStatus()): null]]></system-out>
         <system-err><![CDATA[]]></system-err>
      </testcase>
      <testcase name="Test Cases/Katalon - Verify Incorrect email verification" time="14.116" classname="Test Cases/Katalon - Verify Incorrect email verification" status="PASSED">
         <system-out><![CDATA[2023-10-31 16:25:01 - [TEST_CASE][PASSED] - Test Cases/Katalon - Verify Incorrect email verification: Test Cases/Katalon - Verify Incorrect email verification

2023-10-31 16:25:01 - [TEST_STEP][PASSED] - Start listener action : sampleBeforeTestCase: null

2023-10-31 16:25:01 - [TEST_STEP][PASSED] - println(testCaseContext.getTestCaseId()): null

2023-10-31 16:25:01 - [TEST_STEP][PASSED] - println(testCaseContext.getTestCaseVariables()): null

2023-10-31 16:25:01 - [TEST_STEP][PASSED] - openBrowser(""): Browser is opened with url: ''

2023-10-31 16:25:01 - [MESSAGE][INFO] - Starting 'Chrome' driver

2023-10-31 16:25:01 - [MESSAGE][INFO] - Action delay is set to 0 milliseconds

2023-10-31 16:25:04 - [MESSAGE][PASSED] - Browser is opened with url: ''

2023-10-31 16:25:04 - [TEST_STEP][PASSED] - navigateToUrl("https://katalon.com/"): Navigate to 'https://katalon.com/' successfully

2023-10-31 16:25:07 - [MESSAGE][PASSED] - Navigate to 'https://katalon.com/' successfully

2023-10-31 16:25:07 - [TEST_STEP][PASSED] - click(findTestObject("Object Repository/Katalon/Page_Katalon AI-augmented Software Quality _596167/a_Start free trial")): Object: 'Object Repository/Katalon/Page_Katalon AI-augmented Software Quality _596167/a_Start free trial' is clicked on

2023-10-31 16:25:11 - [MESSAGE][PASSED] - Object: 'Object Repository/Katalon/Page_Katalon AI-augmented Software Quality _596167/a_Start free trial' is clicked on

2023-10-31 16:25:11 - [TEST_STEP][PASSED] - click(findTestObject("Object Repository/Katalon/Page_Sign up  Katalon Software Quality Mana_03d398/div_Sign in")): Object: 'Object Repository/Katalon/Page_Sign up  Katalon Software Quality Mana_03d398/div_Sign in' is clicked on

2023-10-31 16:25:13 - [MESSAGE][PASSED] - Object: 'Object Repository/Katalon/Page_Sign up  Katalon Software Quality Mana_03d398/div_Sign in' is clicked on

2023-10-31 16:25:13 - [TEST_STEP][PASSED] - click(findTestObject("Object Repository/Katalon/Page_Sign in  Katalon Software Quality Mana_cfddb7/div_Sign up")): Object: 'Object Repository/Katalon/Page_Sign in  Katalon Software Quality Mana_cfddb7/div_Sign up' is clicked on

2023-10-31 16:25:14 - [MESSAGE][PASSED] - Object: 'Object Repository/Katalon/Page_Sign in  Katalon Software Quality Mana_cfddb7/div_Sign up' is clicked on

2023-10-31 16:25:14 - [TEST_STEP][PASSED] - verifyElementPresent(findTestObject("Object Repository/Katalon/Page_Sign up  Katalon Software Quality Mana_03d398/input_btn_text"), 0): Object 'Object Repository/Katalon/Page_Sign up  Katalon Software Quality Mana_03d398/input_btn_text' is present

2023-10-31 16:25:14 - [MESSAGE][WARNING] - Timeout '0' is invalid. Using default page load timeout: '30'

2023-10-31 16:25:15 - [MESSAGE][PASSED] - Object 'Object Repository/Katalon/Page_Sign up  Katalon Software Quality Mana_03d398/input_btn_text' is present

2023-10-31 16:25:15 - [TEST_STEP][PASSED] - closeBrowser(): Browser is closed

2023-10-31 16:25:15 - [MESSAGE][PASSED] - Browser is closed

2023-10-31 16:25:15 - [TEST_STEP][PASSED] - Start listener action : sampleAfterTestCase: null

2023-10-31 16:25:15 - [TEST_STEP][PASSED] - println(testCaseContext.getTestCaseId()): null

2023-10-31 16:25:15 - [TEST_STEP][PASSED] - println(testCaseContext.getTestCaseStatus()): null]]></system-out>
         <system-err><![CDATA[]]></system-err>
      </testcase>
      <testcase name="Test Cases/Katalon - Verify the error message on the SignUp Page" time="12.587" classname="Test Cases/Katalon - Verify the error message on the SignUp Page" status="PASSED">
         <system-out><![CDATA[2023-10-31 16:25:15 - [TEST_CASE][PASSED] - Test Cases/Katalon - Verify the error message on the SignUp Page: Test Cases/Katalon - Verify the error message on the SignUp Page

2023-10-31 16:25:15 - [TEST_STEP][PASSED] - Start listener action : sampleBeforeTestCase: null

2023-10-31 16:25:15 - [TEST_STEP][PASSED] - println(testCaseContext.getTestCaseId()): null

2023-10-31 16:25:15 - [TEST_STEP][PASSED] - println(testCaseContext.getTestCaseVariables()): null

2023-10-31 16:25:15 - [TEST_STEP][PASSED] - openBrowser(""): Browser is opened with url: ''

2023-10-31 16:25:15 - [MESSAGE][INFO] - Starting 'Chrome' driver

2023-10-31 16:25:15 - [MESSAGE][INFO] - Action delay is set to 0 milliseconds

2023-10-31 16:25:18 - [MESSAGE][PASSED] - Browser is opened with url: ''

2023-10-31 16:25:18 - [TEST_STEP][PASSED] - navigateToUrl("https://katalon.com/"): Navigate to 'https://katalon.com/' successfully

2023-10-31 16:25:22 - [MESSAGE][PASSED] - Navigate to 'https://katalon.com/' successfully

2023-10-31 16:25:22 - [TEST_STEP][PASSED] - maximizeWindow(): Current window maximized

2023-10-31 16:25:22 - [MESSAGE][PASSED] - Current window maximized

2023-10-31 16:25:22 - [TEST_STEP][PASSED] - click(findTestObject("Object Repository/Katalon/Page_Katalon AI-augmented Software Quality _596167/button_Accept All Cookies")): Object: 'Object Repository/Katalon/Page_Katalon AI-augmented Software Quality _596167/button_Accept All Cookies' is clicked on

2023-10-31 16:25:23 - [MESSAGE][PASSED] - Object: 'Object Repository/Katalon/Page_Katalon AI-augmented Software Quality _596167/button_Accept All Cookies' is clicked on

2023-10-31 16:25:23 - [TEST_STEP][PASSED] - click(findTestObject("Object Repository/Katalon/Page_Katalon AI-augmented Software Quality _596167/a_Start free trial")): Object: 'Object Repository/Katalon/Page_Katalon AI-augmented Software Quality _596167/a_Start free trial' is clicked on

2023-10-31 16:25:25 - [MESSAGE][PASSED] - Object: 'Object Repository/Katalon/Page_Katalon AI-augmented Software Quality _596167/a_Start free trial' is clicked on

2023-10-31 16:25:25 - [TEST_STEP][PASSED] - click(findTestObject("Object Repository/Katalon/Page_Sign up  Katalon Software Quality Mana_03d398/divbtn-sign-up")): Object: 'Object Repository/Katalon/Page_Sign up  Katalon Software Quality Mana_03d398/divbtn-sign-up' is clicked on

2023-10-31 16:25:27 - [MESSAGE][PASSED] - Object: 'Object Repository/Katalon/Page_Sign up  Katalon Software Quality Mana_03d398/divbtn-sign-up' is clicked on

2023-10-31 16:25:27 - [TEST_STEP][PASSED] - verifyElementText(findTestObject("Object Repository/Katalon/Page_Sign up  Katalon Software Quality Mana_03d398/span_Please fill all form fields"), "Please fill all form fields"): Actual text and expected text of test object 'Object Repository/Katalon/Page_Sign up  Katalon Software Quality Mana_03d398/span_Please fill all form fields' are matched.

2023-10-31 16:25:27 - [MESSAGE][PASSED] - Actual text and expected text of test object 'Object Repository/Katalon/Page_Sign up  Katalon Software Quality Mana_03d398/span_Please fill all form fields' are matched.

2023-10-31 16:25:27 - [TEST_STEP][PASSED] - closeBrowser(): Browser is closed

2023-10-31 16:25:28 - [MESSAGE][PASSED] - Browser is closed

2023-10-31 16:25:28 - [TEST_STEP][PASSED] - Start listener action : sampleAfterTestCase: null

2023-10-31 16:25:28 - [TEST_STEP][PASSED] - println(testCaseContext.getTestCaseId()): null

2023-10-31 16:25:28 - [TEST_STEP][PASSED] - println(testCaseContext.getTestCaseStatus()): null]]></system-out>
         <system-err><![CDATA[]]></system-err>
      </testcase>
      <testcase name="Test Cases/Katalon - Video verification" time="13.324" classname="Test Cases/Katalon - Video verification" status="PASSED">
         <system-out><![CDATA[2023-10-31 16:25:28 - [TEST_CASE][PASSED] - Test Cases/Katalon - Video verification: Test Cases/Katalon - Video verification

2023-10-31 16:25:28 - [TEST_STEP][PASSED] - Start listener action : sampleBeforeTestCase: null

2023-10-31 16:25:28 - [TEST_STEP][PASSED] - println(testCaseContext.getTestCaseId()): null

2023-10-31 16:25:28 - [TEST_STEP][PASSED] - println(testCaseContext.getTestCaseVariables()): null

2023-10-31 16:25:28 - [TEST_STEP][PASSED] - openBrowser(""): Browser is opened with url: ''

2023-10-31 16:25:28 - [MESSAGE][INFO] - Starting 'Chrome' driver

2023-10-31 16:25:28 - [MESSAGE][INFO] - Action delay is set to 0 milliseconds

2023-10-31 16:25:31 - [MESSAGE][PASSED] - Browser is opened with url: ''

2023-10-31 16:25:31 - [TEST_STEP][PASSED] - navigateToUrl("https://katalon.com/"): Navigate to 'https://katalon.com/' successfully

2023-10-31 16:25:34 - [MESSAGE][PASSED] - Navigate to 'https://katalon.com/' successfully

2023-10-31 16:25:34 - [TEST_STEP][PASSED] - maximizeWindow(): Current window maximized

2023-10-31 16:25:34 - [MESSAGE][PASSED] - Current window maximized

2023-10-31 16:25:34 - [TEST_STEP][PASSED] - click(findTestObject("Object Repository/Katalon/Page_Katalon AI-augmented Software Quality _596167/button_Accept All Cookies")): Object: 'Object Repository/Katalon/Page_Katalon AI-augmented Software Quality _596167/button_Accept All Cookies' is clicked on

2023-10-31 16:25:36 - [MESSAGE][PASSED] - Object: 'Object Repository/Katalon/Page_Katalon AI-augmented Software Quality _596167/button_Accept All Cookies' is clicked on

2023-10-31 16:25:36 - [TEST_STEP][PASSED] - click(findTestObject("Object Repository/Katalon/Page_Katalon AI-augmented Software Quality _596167/div_View a demo")): Object: 'Object Repository/Katalon/Page_Katalon AI-augmented Software Quality _596167/div_View a demo' is clicked on

2023-10-31 16:25:39 - [MESSAGE][PASSED] - Object: 'Object Repository/Katalon/Page_Katalon AI-augmented Software Quality _596167/div_View a demo' is clicked on

2023-10-31 16:25:39 - [TEST_STEP][PASSED] - waitForElementClickable(findTestObject("Katalon/Page_View a demo  Katalon/divwistia_87.big_play_button_background"), 10): Object 'Object Repository/Katalon/Page_View a demo  Katalon/divwistia_87.big_play_button_background' is clickable

2023-10-31 16:25:40 - [MESSAGE][PASSED] - Object 'Object Repository/Katalon/Page_View a demo  Katalon/divwistia_87.big_play_button_background' is clickable

2023-10-31 16:25:40 - [TEST_STEP][PASSED] - verifyElementClickable(findTestObject("Object Repository/Katalon/Page_View a demo  Katalon/divwistia_87.big_play_button_background")): Object 'Object Repository/Katalon/Page_View a demo  Katalon/divwistia_87.big_play_button_background' is clickable

2023-10-31 16:25:41 - [MESSAGE][PASSED] - Object 'Object Repository/Katalon/Page_View a demo  Katalon/divwistia_87.big_play_button_background' is clickable

2023-10-31 16:25:41 - [TEST_STEP][PASSED] - closeBrowser(): Browser is closed

2023-10-31 16:25:41 - [MESSAGE][PASSED] - Browser is closed

2023-10-31 16:25:41 - [TEST_STEP][PASSED] - Start listener action : sampleAfterTestCase: null

2023-10-31 16:25:41 - [TEST_STEP][PASSED] - println(testCaseContext.getTestCaseId()): null

2023-10-31 16:25:41 - [TEST_STEP][PASSED] - println(testCaseContext.getTestCaseStatus()): null]]></system-out>
         <system-err><![CDATA[]]></system-err>
      </testcase>
      <testcase name="Test Cases/Katalon Course finding" time="23.193" classname="Test Cases/Katalon Course finding" status="PASSED">
         <system-out><![CDATA[2023-10-31 16:25:41 - [TEST_CASE][PASSED] - Test Cases/Katalon Course finding: Test Cases/Katalon Course finding

2023-10-31 16:25:41 - [TEST_STEP][PASSED] - Start listener action : sampleBeforeTestCase: null

2023-10-31 16:25:41 - [TEST_STEP][PASSED] - println(testCaseContext.getTestCaseId()): null

2023-10-31 16:25:41 - [TEST_STEP][PASSED] - println(testCaseContext.getTestCaseVariables()): null

2023-10-31 16:25:41 - [TEST_STEP][PASSED] - openBrowser(""): Browser is opened with url: ''

2023-10-31 16:25:41 - [MESSAGE][INFO] - Starting 'Chrome' driver

2023-10-31 16:25:41 - [MESSAGE][INFO] - Action delay is set to 0 milliseconds

2023-10-31 16:25:44 - [MESSAGE][PASSED] - Browser is opened with url: ''

2023-10-31 16:25:44 - [TEST_STEP][PASSED] - navigateToUrl("https://katalon.com/"): Navigate to 'https://katalon.com/' successfully

2023-10-31 16:25:48 - [MESSAGE][PASSED] - Navigate to 'https://katalon.com/' successfully

2023-10-31 16:25:48 - [TEST_STEP][PASSED] - maximizeWindow(): Current window maximized

2023-10-31 16:25:48 - [MESSAGE][PASSED] - Current window maximized

2023-10-31 16:25:48 - [TEST_STEP][PASSED] - click(findTestObject("Object Repository/Katalon/Page_Katalon AI-augmented Software Quality _596167/button_Accept All Cookies")): Object: 'Object Repository/Katalon/Page_Katalon AI-augmented Software Quality _596167/button_Accept All Cookies' is clicked on

2023-10-31 16:25:50 - [MESSAGE][PASSED] - Object: 'Object Repository/Katalon/Page_Katalon AI-augmented Software Quality _596167/button_Accept All Cookies' is clicked on

2023-10-31 16:25:50 - [TEST_STEP][PASSED] - click(findTestObject("Object Repository/Katalon/Page_Katalon AI-augmented Software Quality _596167/div_Resources")): Object: 'Object Repository/Katalon/Page_Katalon AI-augmented Software Quality _596167/div_Resources' is clicked on

2023-10-31 16:25:51 - [MESSAGE][PASSED] - Object: 'Object Repository/Katalon/Page_Katalon AI-augmented Software Quality _596167/div_Resources' is clicked on

2023-10-31 16:25:51 - [TEST_STEP][PASSED] - click(findTestObject("Object Repository/Katalon/Page_Katalon AI-augmented Software Quality _596167/div_Resources")): Object: 'Object Repository/Katalon/Page_Katalon AI-augmented Software Quality _596167/div_Resources' is clicked on

2023-10-31 16:25:51 - [MESSAGE][PASSED] - Object: 'Object Repository/Katalon/Page_Katalon AI-augmented Software Quality _596167/div_Resources' is clicked on

2023-10-31 16:25:51 - [TEST_STEP][PASSED] - click(findTestObject("Object Repository/Katalon/Page_Katalon AI-augmented Software Quality _596167/div_Academy")): Object: 'Object Repository/Katalon/Page_Katalon AI-augmented Software Quality _596167/div_Academy' is clicked on

2023-10-31 16:25:52 - [MESSAGE][PASSED] - Object: 'Object Repository/Katalon/Page_Katalon AI-augmented Software Quality _596167/div_Academy' is clicked on

2023-10-31 16:25:52 - [TEST_STEP][PASSED] - switchToWindowTitle("Katalon Academy - Automation Testing Courses to Level Up"): Switched to window with title: 'Katalon Academy - Automation Testing Courses to Level Up'

2023-10-31 16:25:55 - [MESSAGE][PASSED] - Switched to window with title: 'Katalon Academy - Automation Testing Courses to Level Up'

2023-10-31 16:25:55 - [TEST_STEP][PASSED] - click(findTestObject("Object Repository/Katalon/Page_Katalon Academy - Automation Testing C_4c4a56/button_Choose a course")): Object: 'Object Repository/Katalon/Page_Katalon Academy - Automation Testing C_4c4a56/button_Choose a course' is clicked on

2023-10-31 16:25:56 - [MESSAGE][PASSED] - Object: 'Object Repository/Katalon/Page_Katalon Academy - Automation Testing C_4c4a56/button_Choose a course' is clicked on

2023-10-31 16:25:56 - [TEST_STEP][PASSED] - click(findTestObject("Object Repository/Katalon/Page_Katalon Academy - Automation Testing C_4c4a56/span_")): Object: 'Object Repository/Katalon/Page_Katalon Academy - Automation Testing C_4c4a56/span_' is clicked on

2023-10-31 16:25:57 - [MESSAGE][PASSED] - Object: 'Object Repository/Katalon/Page_Katalon Academy - Automation Testing C_4c4a56/span_' is clicked on

2023-10-31 16:25:57 - [TEST_STEP][PASSED] - click(findTestObject("Object Repository/Katalon/Page_Katalon Academy - Automation Testing C_4c4a56/img")): Object: 'Object Repository/Katalon/Page_Katalon Academy - Automation Testing C_4c4a56/img' is clicked on

2023-10-31 16:25:58 - [MESSAGE][PASSED] - Object: 'Object Repository/Katalon/Page_Katalon Academy - Automation Testing C_4c4a56/img' is clicked on

2023-10-31 16:25:58 - [TEST_STEP][PASSED] - setText(findTestObject("Object Repository/Katalon/Page_Katalon Academy - Automation Testing C_4c4a56/input_s"), "test automation"): Text 'test automation' is set on object 'Object Repository/Katalon/Page_Katalon Academy - Automation Testing C_4c4a56/input_s'

2023-10-31 16:25:58 - [MESSAGE][PASSED] - Text 'test automation' is set on object 'Object Repository/Katalon/Page_Katalon Academy - Automation Testing C_4c4a56/input_s'

2023-10-31 16:25:58 - [TEST_STEP][PASSED] - sendKeys(findTestObject("Object Repository/Katalon/Page_Katalon Academy - Automation Testing C_4c4a56/input_s"), Keys.chord(ENTER)): Keys 'ENTER + ' sent to object: 'Object Repository/Katalon/Page_Katalon Academy - Automation Testing C_4c4a56/input_s'

2023-10-31 16:26:00 - [MESSAGE][PASSED] - Keys 'ENTER + ' sent to object: 'Object Repository/Katalon/Page_Katalon Academy - Automation Testing C_4c4a56/input_s'

2023-10-31 16:26:00 - [TEST_STEP][PASSED] - click(findTestObject("Object Repository/Katalon/Page_You searched for test automation - Kat_2262e6/a_Test Authoring With Katalon Handling Aler_e0066a")): Object: 'Object Repository/Katalon/Page_You searched for test automation - Kat_2262e6/a_Test Authoring With Katalon Handling Aler_e0066a' is clicked on

2023-10-31 16:26:03 - [MESSAGE][PASSED] - Object: 'Object Repository/Katalon/Page_You searched for test automation - Kat_2262e6/a_Test Authoring With Katalon Handling Aler_e0066a' is clicked on

2023-10-31 16:26:03 - [TEST_STEP][PASSED] - verifyElementPresent(findTestObject("Object Repository/Katalon/Page_Handling Alerts, Dialog Boxes, and Dro_d965ab/button_Enroll"), 0): Object 'Object Repository/Katalon/Page_Handling Alerts, Dialog Boxes, and Dro_d965ab/button_Enroll' is present

2023-10-31 16:26:03 - [MESSAGE][WARNING] - Timeout '0' is invalid. Using default page load timeout: '30'

2023-10-31 16:26:04 - [MESSAGE][PASSED] - Object 'Object Repository/Katalon/Page_Handling Alerts, Dialog Boxes, and Dro_d965ab/button_Enroll' is present

2023-10-31 16:26:04 - [TEST_STEP][PASSED] - closeBrowser(): Browser is closed

2023-10-31 16:26:04 - [MESSAGE][PASSED] - Browser is closed

2023-10-31 16:26:04 - [TEST_STEP][PASSED] - Start listener action : sampleAfterTestCase: null

2023-10-31 16:26:04 - [TEST_STEP][PASSED] - println(testCaseContext.getTestCaseId()): null

2023-10-31 16:26:04 - [TEST_STEP][PASSED] - println(testCaseContext.getTestCaseStatus()): null]]></system-out>
         <system-err><![CDATA[]]></system-err>
      </testcase>
      <testcase name="Test Cases/Katalon Download Studio check" time="15.064" classname="Test Cases/Katalon Download Studio check" status="PASSED">
         <system-out><![CDATA[2023-10-31 16:26:04 - [TEST_CASE][PASSED] - Test Cases/Katalon Download Studio check: Test Cases/Katalon Download Studio check

2023-10-31 16:26:04 - [TEST_STEP][PASSED] - Start listener action : sampleBeforeTestCase: null

2023-10-31 16:26:04 - [TEST_STEP][PASSED] - println(testCaseContext.getTestCaseId()): null

2023-10-31 16:26:04 - [TEST_STEP][PASSED] - println(testCaseContext.getTestCaseVariables()): null

2023-10-31 16:26:04 - [TEST_STEP][PASSED] - openBrowser(""): Browser is opened with url: ''

2023-10-31 16:26:04 - [MESSAGE][INFO] - Starting 'Chrome' driver

2023-10-31 16:26:04 - [MESSAGE][INFO] - Action delay is set to 0 milliseconds

2023-10-31 16:26:07 - [MESSAGE][PASSED] - Browser is opened with url: ''

2023-10-31 16:26:07 - [TEST_STEP][PASSED] - navigateToUrl("https://katalon.com/"): Navigate to 'https://katalon.com/' successfully

2023-10-31 16:26:10 - [MESSAGE][PASSED] - Navigate to 'https://katalon.com/' successfully

2023-10-31 16:26:10 - [TEST_STEP][PASSED] - maximizeWindow(): Current window maximized

2023-10-31 16:26:10 - [MESSAGE][PASSED] - Current window maximized

2023-10-31 16:26:10 - [TEST_STEP][PASSED] - click(findTestObject("Object Repository/Katalon/Page_Katalon AI-augmented Software Quality _596167/button_Accept All Cookies")): Object: 'Object Repository/Katalon/Page_Katalon AI-augmented Software Quality _596167/button_Accept All Cookies' is clicked on

2023-10-31 16:26:12 - [MESSAGE][PASSED] - Object: 'Object Repository/Katalon/Page_Katalon AI-augmented Software Quality _596167/button_Accept All Cookies' is clicked on

2023-10-31 16:26:12 - [TEST_STEP][PASSED] - click(findTestObject("Object Repository/Katalon/Page_Katalon AI-augmented Software Quality _596167/a_Download Studio")): Object: 'Object Repository/Katalon/Page_Katalon AI-augmented Software Quality _596167/a_Download Studio' is clicked on

2023-10-31 16:26:14 - [MESSAGE][PASSED] - Object: 'Object Repository/Katalon/Page_Katalon AI-augmented Software Quality _596167/a_Download Studio' is clicked on

2023-10-31 16:26:14 - [TEST_STEP][PASSED] - click(findTestObject("Object Repository/Katalon/Page_Katalon Studio Free Download  Katalon/div_Windows 64macOSmacOS (Intel)macOS (Appl_b3af3d")): Object: 'Object Repository/Katalon/Page_Katalon Studio Free Download  Katalon/div_Windows 64macOSmacOS (Intel)macOS (Appl_b3af3d' is clicked on

2023-10-31 16:26:16 - [MESSAGE][PASSED] - Object: 'Object Repository/Katalon/Page_Katalon Studio Free Download  Katalon/div_Windows 64macOSmacOS (Intel)macOS (Appl_b3af3d' is clicked on

2023-10-31 16:26:16 - [TEST_STEP][PASSED] - click(findTestObject("Object Repository/Katalon/Page_Katalon Studio Free Download  Katalon/div_Windows 64")): Object: 'Object Repository/Katalon/Page_Katalon Studio Free Download  Katalon/div_Windows 64' is clicked on

2023-10-31 16:26:17 - [MESSAGE][PASSED] - Object: 'Object Repository/Katalon/Page_Katalon Studio Free Download  Katalon/div_Windows 64' is clicked on

2023-10-31 16:26:17 - [TEST_STEP][PASSED] - click(findTestObject("Object Repository/Katalon/Page_Katalon Studio Free Download  Katalon/div_Ver. 9.0.0Ver. 8.6.8Ver. 9.0.0")): Object: 'Object Repository/Katalon/Page_Katalon Studio Free Download  Katalon/div_Ver. 9.0.0Ver. 8.6.8Ver. 9.0.0' is clicked on

2023-10-31 16:26:17 - [MESSAGE][PASSED] - Object: 'Object Repository/Katalon/Page_Katalon Studio Free Download  Katalon/div_Ver. 9.0.0Ver. 8.6.8Ver. 9.0.0' is clicked on

2023-10-31 16:26:17 - [TEST_STEP][PASSED] - click(findTestObject("Object Repository/Katalon/Page_Katalon Studio Free Download  Katalon/div_Ver. 8.6.8")): Object: 'Object Repository/Katalon/Page_Katalon Studio Free Download  Katalon/div_Ver. 8.6.8' is clicked on

2023-10-31 16:26:18 - [MESSAGE][PASSED] - Object: 'Object Repository/Katalon/Page_Katalon Studio Free Download  Katalon/div_Ver. 8.6.8' is clicked on

2023-10-31 16:26:18 - [TEST_STEP][PASSED] - verifyElementPresent(findTestObject("Object Repository/Katalon/Page_Katalon Studio Free Download  Katalon/div_Download"), 0): Object 'Object Repository/Katalon/Page_Katalon Studio Free Download  Katalon/div_Download' is present

2023-10-31 16:26:18 - [MESSAGE][WARNING] - Timeout '0' is invalid. Using default page load timeout: '30'

2023-10-31 16:26:18 - [MESSAGE][PASSED] - Object 'Object Repository/Katalon/Page_Katalon Studio Free Download  Katalon/div_Download' is present

2023-10-31 16:26:18 - [TEST_STEP][PASSED] - verifyElementVisible(findTestObject("Object Repository/Katalon/Page_Katalon Studio Free Download  Katalon/div_Download")): Object 'Object Repository/Katalon/Page_Katalon Studio Free Download  Katalon/div_Download' is visible

2023-10-31 16:26:19 - [MESSAGE][PASSED] - Object 'Object Repository/Katalon/Page_Katalon Studio Free Download  Katalon/div_Download' is visible

2023-10-31 16:26:19 - [TEST_STEP][PASSED] - verifyElementText(findTestObject("Object Repository/Katalon/Page_Katalon Studio Free Download  Katalon/a_Sign up now -"), "Sign up now ->"): Actual text and expected text of test object 'Object Repository/Katalon/Page_Katalon Studio Free Download  Katalon/a_Sign up now -' are matched.

2023-10-31 16:26:19 - [MESSAGE][PASSED] - Actual text and expected text of test object 'Object Repository/Katalon/Page_Katalon Studio Free Download  Katalon/a_Sign up now -' are matched.

2023-10-31 16:26:19 - [TEST_STEP][PASSED] - closeBrowser(): Browser is closed

2023-10-31 16:26:19 - [MESSAGE][PASSED] - Browser is closed

2023-10-31 16:26:19 - [TEST_STEP][PASSED] - Start listener action : sampleAfterTestCase: null

2023-10-31 16:26:19 - [TEST_STEP][PASSED] - println(testCaseContext.getTestCaseId()): null

2023-10-31 16:26:19 - [TEST_STEP][PASSED] - println(testCaseContext.getTestCaseStatus()): null]]></system-out>
         <system-err><![CDATA[]]></system-err>
      </testcase>
      <testcase name="Test Cases/Katalon Price Check" time="15.87" classname="Test Cases/Katalon Price Check" status="PASSED">
         <system-out><![CDATA[2023-10-31 16:26:19 - [TEST_CASE][PASSED] - Test Cases/Katalon Price Check: Test Cases/Katalon Price Check

2023-10-31 16:26:19 - [TEST_STEP][PASSED] - Start listener action : sampleBeforeTestCase: null

2023-10-31 16:26:19 - [TEST_STEP][PASSED] - println(testCaseContext.getTestCaseId()): null

2023-10-31 16:26:19 - [TEST_STEP][PASSED] - println(testCaseContext.getTestCaseVariables()): null

2023-10-31 16:26:19 - [TEST_STEP][PASSED] - openBrowser(""): Browser is opened with url: ''

2023-10-31 16:26:19 - [MESSAGE][INFO] - Starting 'Chrome' driver

2023-10-31 16:26:19 - [MESSAGE][INFO] - Action delay is set to 0 milliseconds

2023-10-31 16:26:22 - [MESSAGE][PASSED] - Browser is opened with url: ''

2023-10-31 16:26:22 - [TEST_STEP][PASSED] - navigateToUrl("https://katalon.com/"): Navigate to 'https://katalon.com/' successfully

2023-10-31 16:26:25 - [MESSAGE][PASSED] - Navigate to 'https://katalon.com/' successfully

2023-10-31 16:26:25 - [TEST_STEP][PASSED] - maximizeWindow(): Current window maximized

2023-10-31 16:26:26 - [MESSAGE][PASSED] - Current window maximized

2023-10-31 16:26:26 - [TEST_STEP][PASSED] - click(findTestObject("Object Repository/Katalon/Page_Katalon AI-augmented Software Quality _596167/button_Accept All Cookies")): Object: 'Object Repository/Katalon/Page_Katalon AI-augmented Software Quality _596167/button_Accept All Cookies' is clicked on

2023-10-31 16:26:27 - [MESSAGE][PASSED] - Object: 'Object Repository/Katalon/Page_Katalon AI-augmented Software Quality _596167/button_Accept All Cookies' is clicked on

2023-10-31 16:26:27 - [TEST_STEP][PASSED] - click(findTestObject("Object Repository/Katalon/Page_Katalon AI-augmented Software Quality _596167/div_Pricing")): Object: 'Object Repository/Katalon/Page_Katalon AI-augmented Software Quality _596167/div_Pricing' is clicked on

2023-10-31 16:26:30 - [MESSAGE][PASSED] - Object: 'Object Repository/Katalon/Page_Katalon AI-augmented Software Quality _596167/div_Pricing' is clicked on

2023-10-31 16:26:30 - [TEST_STEP][PASSED] - setText(findTestObject("Object Repository/Katalon/Page_Software Quality Management Platform  _0ea48f/inputinput_platform_kse_number"), "5"): Text '5' is set on object 'Object Repository/Katalon/Page_Software Quality Management Platform  _0ea48f/inputinput_platform_kse_number'

2023-10-31 16:26:32 - [MESSAGE][PASSED] - Text '5' is set on object 'Object Repository/Katalon/Page_Software Quality Management Platform  _0ea48f/inputinput_platform_kse_number'

2023-10-31 16:26:32 - [TEST_STEP][PASSED] - setText(findTestObject("Object Repository/Katalon/Page_Software Quality Management Platform  _0ea48f/inputinput_platform_testcloud_number"), "5"): Text '5' is set on object 'Object Repository/Katalon/Page_Software Quality Management Platform  _0ea48f/inputinput_platform_testcloud_number'

2023-10-31 16:26:34 - [MESSAGE][PASSED] - Text '5' is set on object 'Object Repository/Katalon/Page_Software Quality Management Platform  _0ea48f/inputinput_platform_testcloud_number'

2023-10-31 16:26:34 - [TEST_STEP][PASSED] - setText(findTestObject("Object Repository/Katalon/Page_Software Quality Management Platform  _0ea48f/inputinput_platform_kre_number"), "5"): Text '5' is set on object 'Object Repository/Katalon/Page_Software Quality Management Platform  _0ea48f/inputinput_platform_kre_number'

2023-10-31 16:26:35 - [MESSAGE][PASSED] - Text '5' is set on object 'Object Repository/Katalon/Page_Software Quality Management Platform  _0ea48f/inputinput_platform_kre_number'

2023-10-31 16:26:35 - [TEST_STEP][PASSED] - scrollToPosition(0, 3): Browser is scrolled to position x = 0, y = 3

2023-10-31 16:26:35 - [MESSAGE][PASSED] - Browser is scrolled to position x = 0, y = 3

2023-10-31 16:26:35 - [TEST_STEP][PASSED] - closeBrowser(): Browser is closed

2023-10-31 16:26:35 - [MESSAGE][PASSED] - Browser is closed

2023-10-31 16:26:35 - [TEST_STEP][PASSED] - Start listener action : sampleAfterTestCase: null

2023-10-31 16:26:35 - [TEST_STEP][PASSED] - println(testCaseContext.getTestCaseId()): null

2023-10-31 16:26:35 - [TEST_STEP][PASSED] - println(testCaseContext.getTestCaseStatus()): null]]></system-out>
         <system-err><![CDATA[]]></system-err>
      </testcase>
      <testcase name="Test Cases/Search Automation within Deloitte site" time="22.565" classname="Test Cases/Search Automation within Deloitte site" status="PASSED">
         <system-out><![CDATA[2023-10-31 16:26:35 - [TEST_CASE][PASSED] - Test Cases/Search Automation within Deloitte site: Test Cases/Search Automation within Deloitte site

2023-10-31 16:26:35 - [TEST_STEP][PASSED] - Start listener action : sampleBeforeTestCase: null

2023-10-31 16:26:35 - [TEST_STEP][PASSED] - println(testCaseContext.getTestCaseId()): null

2023-10-31 16:26:35 - [TEST_STEP][PASSED] - println(testCaseContext.getTestCaseVariables()): null

2023-10-31 16:26:35 - [TEST_STEP][PASSED] - openBrowser(""): Browser is opened with url: ''

2023-10-31 16:26:35 - [MESSAGE][INFO] - Starting 'Chrome' driver

2023-10-31 16:26:35 - [MESSAGE][INFO] - Action delay is set to 0 milliseconds

2023-10-31 16:26:38 - [MESSAGE][PASSED] - Browser is opened with url: ''

2023-10-31 16:26:38 - [TEST_STEP][PASSED] - navigateToUrl("https://www2.deloitte.com/us/en.html"): Navigate to 'https://www2.deloitte.com/us/en.html' successfully

2023-10-31 16:26:41 - [MESSAGE][PASSED] - Navigate to 'https://www2.deloitte.com/us/en.html' successfully

2023-10-31 16:26:41 - [TEST_STEP][PASSED] - maximizeWindow(): Current window maximized

2023-10-31 16:26:41 - [MESSAGE][PASSED] - Current window maximized

2023-10-31 16:26:41 - [TEST_STEP][PASSED] - click(findTestObject("Object Repository/Page_Deloitte US  Audit, Consulting, Adviso_ec7ae4/button_Accept and close")): Object: 'Object Repository/Page_Deloitte US  Audit, Consulting, Adviso_ec7ae4/button_Accept and close' is clicked on

2023-10-31 16:26:47 - [MESSAGE][PASSED] - Object: 'Object Repository/Page_Deloitte US  Audit, Consulting, Adviso_ec7ae4/button_Accept and close' is clicked on

2023-10-31 16:26:47 - [TEST_STEP][PASSED] - setText(findTestObject("Object Repository/Page_Deloitte US  Audit, Consulting, Adviso_ec7ae4/input_cmp-advanced-search__input ng-untouch_fd955c"), "Automation"): Text 'Automation' is set on object 'Object Repository/Page_Deloitte US  Audit, Consulting, Adviso_ec7ae4/input_cmp-advanced-search__input ng-untouch_fd955c'

2023-10-31 16:26:48 - [MESSAGE][PASSED] - Text 'Automation' is set on object 'Object Repository/Page_Deloitte US  Audit, Consulting, Adviso_ec7ae4/input_cmp-advanced-search__input ng-untouch_fd955c'

2023-10-31 16:26:48 - [TEST_STEP][PASSED] - click(findTestObject("Object Repository/Page_Deloitte US  Audit, Consulting, Adviso_ec7ae4/i_icon-search")): Object: 'Object Repository/Page_Deloitte US  Audit, Consulting, Adviso_ec7ae4/i_icon-search' is clicked on

2023-10-31 16:26:50 - [MESSAGE][PASSED] - Object: 'Object Repository/Page_Deloitte US  Audit, Consulting, Adviso_ec7ae4/i_icon-search' is clicked on

2023-10-31 16:26:50 - [TEST_STEP][PASSED] - verifyElementPresent(findTestObject("Object Repository/Page_Deloitte Search Basic/a_Deloitte and Automation Anywhere Alliance"), 0): Object 'Object Repository/Page_Deloitte Search Basic/a_Deloitte and Automation Anywhere Alliance' is present

2023-10-31 16:26:50 - [MESSAGE][WARNING] - Timeout '0' is invalid. Using default page load timeout: '30'

2023-10-31 16:26:51 - [MESSAGE][PASSED] - Object 'Object Repository/Page_Deloitte Search Basic/a_Deloitte and Automation Anywhere Alliance' is present

2023-10-31 16:26:51 - [TEST_STEP][PASSED] - click(findTestObject("Object Repository/Page_Deloitte Search Basic/a_Deloitte and Automation Anywhere Alliance")): Object: 'Object Repository/Page_Deloitte Search Basic/a_Deloitte and Automation Anywhere Alliance' is clicked on

2023-10-31 16:26:56 - [MESSAGE][PASSED] - Object: 'Object Repository/Page_Deloitte Search Basic/a_Deloitte and Automation Anywhere Alliance' is clicked on

2023-10-31 16:26:56 - [TEST_STEP][PASSED] - click(findTestObject("Object Repository/Page_Automation Anywhere Alliance  Deloitte US/div_Deloitte and Automation Anywhere Allian_b995eb")): Object: 'Object Repository/Page_Automation Anywhere Alliance  Deloitte US/div_Deloitte and Automation Anywhere Allian_b995eb' is clicked on

2023-10-31 16:26:57 - [MESSAGE][PASSED] - Object: 'Object Repository/Page_Automation Anywhere Alliance  Deloitte US/div_Deloitte and Automation Anywhere Allian_b995eb' is clicked on

2023-10-31 16:26:57 - [TEST_STEP][PASSED] - verifyElementPresent(findTestObject("Object Repository/Page_Automation Anywhere Alliance  Deloitte US/h1_Deloitte and Automation Anywhere Alliance"), 0): Object 'Object Repository/Page_Automation Anywhere Alliance  Deloitte US/h1_Deloitte and Automation Anywhere Alliance' is present

2023-10-31 16:26:57 - [MESSAGE][WARNING] - Timeout '0' is invalid. Using default page load timeout: '30'

2023-10-31 16:26:57 - [MESSAGE][PASSED] - Object 'Object Repository/Page_Automation Anywhere Alliance  Deloitte US/h1_Deloitte and Automation Anywhere Alliance' is present

2023-10-31 16:26:57 - [TEST_STEP][PASSED] - closeBrowser(): Browser is closed

2023-10-31 16:26:58 - [MESSAGE][PASSED] - Browser is closed

2023-10-31 16:26:58 - [TEST_STEP][PASSED] - Start listener action : sampleAfterTestCase: null

2023-10-31 16:26:58 - [TEST_STEP][PASSED] - println(testCaseContext.getTestCaseId()): null

2023-10-31 16:26:58 - [TEST_STEP][PASSED] - println(testCaseContext.getTestCaseStatus()): null]]></system-out>
         <system-err><![CDATA[]]></system-err>
      </testcase>
      <testcase name="Test Cases/Search Google" time="41.824" classname="Test Cases/Search Google" status="FAILED">
         <failure type="FAILED" message="Test Cases/Search Google FAILED.&#xa;Reason:&#xa;com.kms.katalon.core.exception.StepFailedException: Unable to right click on object 'Object Repository/Page_katalon - Google Search/span_Katalon Platform - Best Codeless Testing Tool'&#xa;	at com.kms.katalon.core.webui.keyword.internal.WebUIKeywordMain.stepFailed(WebUIKeywordMain.groovy:64)&#xa;	at com.kms.katalon.core.webui.keyword.internal.WebUIKeywordMain.runKeyword(WebUIKeywordMain.groovy:26)&#xa;	at com.kms.katalon.core.webui.keyword.builtin.RightClickKeyword.rightClick(RightClickKeyword.groovy:87)&#xa;	at com.kms.katalon.core.webui.keyword.builtin.RightClickKeyword.execute(RightClickKeyword.groovy:67)&#xa;	at com.kms.katalon.core.keyword.internal.KeywordExecutor.executeKeywordForPlatform(KeywordExecutor.groovy:74)&#xa;	at com.kms.katalon.core.webui.keyword.WebUiBuiltInKeywords.rightClick(WebUiBuiltInKeywords.groovy:752)&#xa;	at Search Google.run(Search Google:28)&#xa;	at com.kms.katalon.core.main.ScriptEngine.run(ScriptEngine.java:194)&#xa;	at com.kms.katalon.core.main.ScriptEngine.runScriptAsRawText(ScriptEngine.java:119)&#xa;	at com.kms.katalon.core.main.TestCaseExecutor.runScript(TestCaseExecutor.java:448)&#xa;	at com.kms.katalon.core.main.TestCaseExecutor.doExecute(TestCaseExecutor.java:439)&#xa;	at com.kms.katalon.core.main.TestCaseExecutor.processExecutionPhase(TestCaseExecutor.java:418)&#xa;	at com.kms.katalon.core.main.TestCaseExecutor.accessMainPhase(TestCaseExecutor.java:410)&#xa;	at com.kms.katalon.core.main.TestCaseExecutor.execute(TestCaseExecutor.java:285)&#xa;	at com.kms.katalon.core.main.TestCaseExecutor.execute(TestCaseExecutor.java:369)&#xa;	at com.kms.katalon.core.main.TestCaseExecutor.execute(TestCaseExecutor.java:369)&#xa;	at com.kms.katalon.core.main.TestCaseExecutor.execute(TestCaseExecutor.java:369)&#xa;	at com.kms.katalon.core.common.CommonExecutor.accessTestCaseMainPhase(CommonExecutor.java:65)&#xa;	at com.kms.katalon.core.main.TestSuiteExecutor.accessTestSuiteMainPhase(TestSuiteExecutor.java:148)&#xa;	at com.kms.katalon.core.main.TestSuiteExecutor.execute(TestSuiteExecutor.java:106)&#xa;	at com.kms.katalon.core.main.TestCaseMain.startTestSuite(TestCaseMain.java:187)&#xa;	at TempTestSuite1698783825302.run(TempTestSuite1698783825302.groovy:36)&#xa;	at java.base/jdk.internal.reflect.NativeMethodAccessorImpl.invoke0(Native Method)&#xa;	at java.base/jdk.internal.reflect.NativeMethodAccessorImpl.invoke(NativeMethodAccessorImpl.java:77)&#xa;	at java.base/jdk.internal.reflect.DelegatingMethodAccessorImpl.invoke(DelegatingMethodAccessorImpl.java:43)&#xa;Caused by: com.kms.katalon.core.webui.exception.WebElementNotFoundException: Web element with id: 'Object Repository/Page_katalon - Google Search/span_Katalon Platform - Best Codeless Testing Tool' located by '//div[@id='tads']/div/div/div/div/div/a/div/span' not found&#xa;	at com.kms.katalon.core.webui.common.WebUiCommonHelper.findWebElement(WebUiCommonHelper.java:1379)&#xa;	at com.kms.katalon.core.webui.keyword.internal.WebUIAbstractKeyword.findWebElement(WebUIAbstractKeyword.groovy:27)&#xa;	at com.kms.katalon.core.webui.keyword.internal.WebUIAbstractKeyword.findWebElement(WebUIAbstractKeyword.groovy:26)&#xa;	at com.kms.katalon.core.webui.keyword.builtin.RightClickKeyword$_rightClick_closure1.doCall(RightClickKeyword.groovy:77)&#xa;	at com.kms.katalon.core.webui.keyword.builtin.RightClickKeyword$_rightClick_closure1.call(RightClickKeyword.groovy)&#xa;	at com.kms.katalon.core.webui.keyword.internal.WebUIKeywordMain.runKeyword(WebUIKeywordMain.groovy:20)&#xa;	... 23 more&#xa;"/>
         <system-out><![CDATA[2023-10-31 16:29:25 - [TEST_CASE][FAILED] - Test Cases/Search Google: Test Cases/Search Google FAILED.
Reason:
com.kms.katalon.core.exception.StepFailedException: Unable to right click on object 'Object Repository/Page_katalon - Google Search/span_Katalon Platform - Best Codeless Testing Tool'
	at com.kms.katalon.core.webui.keyword.internal.WebUIKeywordMain.stepFailed(WebUIKeywordMain.groovy:64)
	at com.kms.katalon.core.webui.keyword.internal.WebUIKeywordMain.runKeyword(WebUIKeywordMain.groovy:26)
	at com.kms.katalon.core.webui.keyword.builtin.RightClickKeyword.rightClick(RightClickKeyword.groovy:87)
	at com.kms.katalon.core.webui.keyword.builtin.RightClickKeyword.execute(RightClickKeyword.groovy:67)
	at com.kms.katalon.core.keyword.internal.KeywordExecutor.executeKeywordForPlatform(KeywordExecutor.groovy:74)
	at com.kms.katalon.core.webui.keyword.WebUiBuiltInKeywords.rightClick(WebUiBuiltInKeywords.groovy:752)
	at Search Google.run(Search Google:28)
	at com.kms.katalon.core.main.ScriptEngine.run(ScriptEngine.java:194)
	at com.kms.katalon.core.main.ScriptEngine.runScriptAsRawText(ScriptEngine.java:119)
	at com.kms.katalon.core.main.TestCaseExecutor.runScript(TestCaseExecutor.java:448)
	at com.kms.katalon.core.main.TestCaseExecutor.doExecute(TestCaseExecutor.java:439)
	at com.kms.katalon.core.main.TestCaseExecutor.processExecutionPhase(TestCaseExecutor.java:418)
	at com.kms.katalon.core.main.TestCaseExecutor.accessMainPhase(TestCaseExecutor.java:410)
	at com.kms.katalon.core.main.TestCaseExecutor.execute(TestCaseExecutor.java:285)
	at com.kms.katalon.core.main.TestCaseExecutor.execute(TestCaseExecutor.java:369)
	at com.kms.katalon.core.main.TestCaseExecutor.execute(TestCaseExecutor.java:369)
	at com.kms.katalon.core.main.TestCaseExecutor.execute(TestCaseExecutor.java:369)
	at com.kms.katalon.core.common.CommonExecutor.accessTestCaseMainPhase(CommonExecutor.java:65)
	at com.kms.katalon.core.main.TestSuiteExecutor.accessTestSuiteMainPhase(TestSuiteExecutor.java:148)
	at com.kms.katalon.core.main.TestSuiteExecutor.execute(TestSuiteExecutor.java:106)
	at com.kms.katalon.core.main.TestCaseMain.startTestSuite(TestCaseMain.java:187)
	at TempTestSuite1698783825302.run(TempTestSuite1698783825302.groovy:36)
	at java.base/jdk.internal.reflect.NativeMethodAccessorImpl.invoke0(Native Method)
	at java.base/jdk.internal.reflect.NativeMethodAccessorImpl.invoke(NativeMethodAccessorImpl.java:77)
	at java.base/jdk.internal.reflect.DelegatingMethodAccessorImpl.invoke(DelegatingMethodAccessorImpl.java:43)
Caused by: com.kms.katalon.core.webui.exception.WebElementNotFoundException: Web element with id: 'Object Repository/Page_katalon - Google Search/span_Katalon Platform - Best Codeless Testing Tool' located by '//div[@id='tads']/div/div/div/div/div/a/div/span' not found
	at com.kms.katalon.core.webui.common.WebUiCommonHelper.findWebElement(WebUiCommonHelper.java:1379)
	at com.kms.katalon.core.webui.keyword.internal.WebUIAbstractKeyword.findWebElement(WebUIAbstractKeyword.groovy:27)
	at com.kms.katalon.core.webui.keyword.internal.WebUIAbstractKeyword.findWebElement(WebUIAbstractKeyword.groovy:26)
	at com.kms.katalon.core.webui.keyword.builtin.RightClickKeyword$_rightClick_closure1.doCall(RightClickKeyword.groovy:77)
	at com.kms.katalon.core.webui.keyword.builtin.RightClickKeyword$_rightClick_closure1.call(RightClickKeyword.groovy)
	at com.kms.katalon.core.webui.keyword.internal.WebUIKeywordMain.runKeyword(WebUIKeywordMain.groovy:20)
	... 23 more


2023-10-31 16:29:25 - [TEST_STEP][PASSED] - Start listener action : sampleBeforeTestCase: null

2023-10-31 16:29:25 - [TEST_STEP][PASSED] - println(testCaseContext.getTestCaseId()): null

2023-10-31 16:29:25 - [TEST_STEP][PASSED] - println(testCaseContext.getTestCaseVariables()): null

2023-10-31 16:29:25 - [TEST_STEP][PASSED] - openBrowser(""): Browser is opened with url: ''

2023-10-31 16:29:25 - [MESSAGE][WARNING] - A browser is already opened. Closing browser and opening a new one

2023-10-31 16:29:25 - [MESSAGE][INFO] - Starting 'Chrome' driver

2023-10-31 16:29:25 - [MESSAGE][INFO] - Action delay is set to 0 milliseconds

2023-10-31 16:29:28 - [MESSAGE][PASSED] - Browser is opened with url: ''

2023-10-31 16:29:28 - [TEST_STEP][PASSED] - navigateToUrl("https://www.google.com/"): Navigate to 'https://www.google.com/' successfully

2023-10-31 16:29:30 - [MESSAGE][PASSED] - Navigate to 'https://www.google.com/' successfully

2023-10-31 16:29:30 - [TEST_STEP][PASSED] - setText(findTestObject("Object Repository/Page_Google/textarea_q"), "katalon"): Text 'katalon' is set on object 'Object Repository/Page_Google/textarea_q'

2023-10-31 16:29:30 - [MESSAGE][PASSED] - Text 'katalon' is set on object 'Object Repository/Page_Google/textarea_q'

2023-10-31 16:29:30 - [TEST_STEP][PASSED] - click(findTestObject("Object Repository/Page_Google/span_katalon")): Object: 'Object Repository/Page_Google/span_katalon' is clicked on

2023-10-31 16:29:31 - [MESSAGE][PASSED] - Object: 'Object Repository/Page_Google/span_katalon' is clicked on

2023-10-31 16:29:31 - [TEST_STEP][FAILED] - rightClick(findTestObject("Object Repository/Page_katalon - Google Search/span_Katalon Platform - Best Codeless Testing Tool")): Unable to right click on object 'Object Repository/Page_katalon - Google Search/span_Katalon Platform - Best Codeless Testing Tool' (Root cause: com.kms.katalon.core.exception.StepFailedException: Unable to right click on object 'Object Repository/Page_katalon - Google Search/span_Katalon Platform - Best Codeless Testing Tool'
	at com.kms.katalon.core.webui.keyword.internal.WebUIKeywordMain.stepFailed(WebUIKeywordMain.groovy:64)
	at com.kms.katalon.core.webui.keyword.internal.WebUIKeywordMain.runKeyword(WebUIKeywordMain.groovy:26)
	at com.kms.katalon.core.webui.keyword.builtin.RightClickKeyword.rightClick(RightClickKeyword.groovy:87)
	at com.kms.katalon.core.webui.keyword.builtin.RightClickKeyword.execute(RightClickKeyword.groovy:67)
	at com.kms.katalon.core.keyword.internal.KeywordExecutor.executeKeywordForPlatform(KeywordExecutor.groovy:74)
	at com.kms.katalon.core.webui.keyword.WebUiBuiltInKeywords.rightClick(WebUiBuiltInKeywords.groovy:752)
	at Search Google.run(Search Google:28)
	at com.kms.katalon.core.main.ScriptEngine.run(ScriptEngine.java:194)
	at com.kms.katalon.core.main.ScriptEngine.runScriptAsRawText(ScriptEngine.java:119)
	at com.kms.katalon.core.main.TestCaseExecutor.runScript(TestCaseExecutor.java:448)
	at com.kms.katalon.core.main.TestCaseExecutor.doExecute(TestCaseExecutor.java:439)
	at com.kms.katalon.core.main.TestCaseExecutor.processExecutionPhase(TestCaseExecutor.java:418)
	at com.kms.katalon.core.main.TestCaseExecutor.accessMainPhase(TestCaseExecutor.java:410)
	at com.kms.katalon.core.main.TestCaseExecutor.execute(TestCaseExecutor.java:285)
	at com.kms.katalon.core.main.TestCaseExecutor.execute(TestCaseExecutor.java:369)
	at com.kms.katalon.core.main.TestCaseExecutor.execute(TestCaseExecutor.java:369)
	at com.kms.katalon.core.main.TestCaseExecutor.execute(TestCaseExecutor.java:369)
	at com.kms.katalon.core.common.CommonExecutor.accessTestCaseMainPhase(CommonExecutor.java:65)
	at com.kms.katalon.core.main.TestSuiteExecutor.accessTestSuiteMainPhase(TestSuiteExecutor.java:148)
	at com.kms.katalon.core.main.TestSuiteExecutor.execute(TestSuiteExecutor.java:106)
	at com.kms.katalon.core.main.TestCaseMain.startTestSuite(TestCaseMain.java:187)
	at TempTestSuite1698783825302.run(TempTestSuite1698783825302.groovy:36)
	at java.base/jdk.internal.reflect.NativeMethodAccessorImpl.invoke0(Native Method)
	at java.base/jdk.internal.reflect.NativeMethodAccessorImpl.invoke(NativeMethodAccessorImpl.java:77)
	at java.base/jdk.internal.reflect.DelegatingMethodAccessorImpl.invoke(DelegatingMethodAccessorImpl.java:43)
Caused by: com.kms.katalon.core.webui.exception.WebElementNotFoundException: Web element with id: 'Object Repository/Page_katalon - Google Search/span_Katalon Platform - Best Codeless Testing Tool' located by '//div[@id='tads']/div/div/div/div/div/a/div/span' not found
	at com.kms.katalon.core.webui.common.WebUiCommonHelper.findWebElement(WebUiCommonHelper.java:1379)
	at com.kms.katalon.core.webui.keyword.internal.WebUIAbstractKeyword.findWebElement(WebUIAbstractKeyword.groovy:27)
	at com.kms.katalon.core.webui.keyword.internal.WebUIAbstractKeyword.findWebElement(WebUIAbstractKeyword.groovy:26)
	at com.kms.katalon.core.webui.keyword.builtin.RightClickKeyword$_rightClick_closure1.doCall(RightClickKeyword.groovy:77)
	at com.kms.katalon.core.webui.keyword.builtin.RightClickKeyword$_rightClick_closure1.call(RightClickKeyword.groovy)
	at com.kms.katalon.core.webui.keyword.internal.WebUIKeywordMain.runKeyword(WebUIKeywordMain.groovy:20)
	at com.kms.katalon.core.webui.keyword.builtin.RightClickKeyword.rightClick(RightClickKeyword.groovy:87)
	at com.kms.katalon.core.webui.keyword.builtin.RightClickKeyword.execute(RightClickKeyword.groovy:67)
	at com.kms.katalon.core.keyword.internal.KeywordExecutor.executeKeywordForPlatform(KeywordExecutor.groovy:74)
	at com.kms.katalon.core.webui.keyword.WebUiBuiltInKeywords.rightClick(WebUiBuiltInKeywords.groovy:752)
	at Script1698287168375.run(Script1698287168375.groovy:28)
	... 18 more
)

2023-10-31 16:30:02 - [MESSAGE][INFO] - Unable to find the element located by 'By.xpath: //div[@id='tads']/div/div/div/div/div/a/div/span'. Please recheck the objects properties to make sure the desired element is located. 

2023-10-31 16:30:02 - [MESSAGE][WARNING] - [SELF-HEALING] Failed to find element with id 'Object Repository/Page_katalon - Google Search/span_Katalon Platform - Best Codeless Testing Tool'. Try using Self-healing.

2023-10-31 16:30:03 - [MESSAGE][INFO] - [SELF-HEALING] Failed Locator: '//div[@id='tads']/div/div/div/div/div/a/div/span'.

2023-10-31 16:30:03 - [MESSAGE][INFO] - [SELF-HEALING] Failed Locator: '//div[11]/div/div/div[2]/div/div/div/div/div/div/a/div/span'.

2023-10-31 16:30:03 - [MESSAGE][INFO] - [SELF-HEALING] Failed Locator: '//span[(text() = 'Katalon Platform - Best Codeless Testing Tool' or . = 'Katalon Platform - Best Codeless Testing Tool')]'.

2023-10-31 16:30:03 - [MESSAGE][INFO] - [SELF-HEALING] Failed Locator: '//div[@id='tads']/div/div/div/div/div/a/div/span'.

2023-10-31 16:30:04 - [MESSAGE][INFO] - [SELF-HEALING] Failed Locator: '//div[11]/div/div/div[2]/div/div/div/div/div/div/a/div/span'.

2023-10-31 16:30:04 - [MESSAGE][INFO] - [SELF-HEALING] Failed Locator: '//span[(text() = 'Katalon Platform - Best Codeless Testing Tool' or . = 'Katalon Platform - Best Codeless Testing Tool')]'.

2023-10-31 16:30:05 - [MESSAGE][INFO] - Unable to find the element located by 'By.xpath: //*[(text() = 'Katalon Platform - Best Codeless Testing Tool' or . = 'Katalon Platform - Best Codeless Testing Tool')]'. Please recheck the objects properties to make sure the desired element is located. 

2023-10-31 16:30:06 - [MESSAGE][INFO] - Unable to find the element located by 'By.cssSelector: div.CCgQ5.vCa9Yd.QfkTvb.N8QANc.MUxGbd.v0nnCb > span'. Please recheck the objects properties to make sure the desired element is located. 

2023-10-31 16:30:06 - [MESSAGE][FAILED] - Unable to right click on object 'Object Repository/Page_katalon - Google Search/span_Katalon Platform - Best Codeless Testing Tool' (Root cause: com.kms.katalon.core.exception.StepFailedException: Unable to right click on object 'Object Repository/Page_katalon - Google Search/span_Katalon Platform - Best Codeless Testing Tool'
	at com.kms.katalon.core.webui.keyword.internal.WebUIKeywordMain.stepFailed(WebUIKeywordMain.groovy:64)
	at com.kms.katalon.core.webui.keyword.internal.WebUIKeywordMain.runKeyword(WebUIKeywordMain.groovy:26)
	at com.kms.katalon.core.webui.keyword.builtin.RightClickKeyword.rightClick(RightClickKeyword.groovy:87)
	at com.kms.katalon.core.webui.keyword.builtin.RightClickKeyword.execute(RightClickKeyword.groovy:67)
	at com.kms.katalon.core.keyword.internal.KeywordExecutor.executeKeywordForPlatform(KeywordExecutor.groovy:74)
	at com.kms.katalon.core.webui.keyword.WebUiBuiltInKeywords.rightClick(WebUiBuiltInKeywords.groovy:752)
	at Search Google.run(Search Google:28)
	at com.kms.katalon.core.main.ScriptEngine.run(ScriptEngine.java:194)
	at com.kms.katalon.core.main.ScriptEngine.runScriptAsRawText(ScriptEngine.java:119)
	at com.kms.katalon.core.main.TestCaseExecutor.runScript(TestCaseExecutor.java:448)
	at com.kms.katalon.core.main.TestCaseExecutor.doExecute(TestCaseExecutor.java:439)
	at com.kms.katalon.core.main.TestCaseExecutor.processExecutionPhase(TestCaseExecutor.java:418)
	at com.kms.katalon.core.main.TestCaseExecutor.accessMainPhase(TestCaseExecutor.java:410)
	at com.kms.katalon.core.main.TestCaseExecutor.execute(TestCaseExecutor.java:285)
	at com.kms.katalon.core.main.TestCaseExecutor.execute(TestCaseExecutor.java:369)
	at com.kms.katalon.core.main.TestCaseExecutor.execute(TestCaseExecutor.java:369)
	at com.kms.katalon.core.main.TestCaseExecutor.execute(TestCaseExecutor.java:369)
	at com.kms.katalon.core.common.CommonExecutor.accessTestCaseMainPhase(CommonExecutor.java:65)
	at com.kms.katalon.core.main.TestSuiteExecutor.accessTestSuiteMainPhase(TestSuiteExecutor.java:148)
	at com.kms.katalon.core.main.TestSuiteExecutor.execute(TestSuiteExecutor.java:106)
	at com.kms.katalon.core.main.TestCaseMain.startTestSuite(TestCaseMain.java:187)
	at TempTestSuite1698783825302.run(TempTestSuite1698783825302.groovy:36)
	at java.base/jdk.internal.reflect.NativeMethodAccessorImpl.invoke0(Native Method)
	at java.base/jdk.internal.reflect.NativeMethodAccessorImpl.invoke(NativeMethodAccessorImpl.java:77)
	at java.base/jdk.internal.reflect.DelegatingMethodAccessorImpl.invoke(DelegatingMethodAccessorImpl.java:43)
Caused by: com.kms.katalon.core.webui.exception.WebElementNotFoundException: Web element with id: 'Object Repository/Page_katalon - Google Search/span_Katalon Platform - Best Codeless Testing Tool' located by '//div[@id='tads']/div/div/div/div/div/a/div/span' not found
	at com.kms.katalon.core.webui.common.WebUiCommonHelper.findWebElement(WebUiCommonHelper.java:1379)
	at com.kms.katalon.core.webui.keyword.internal.WebUIAbstractKeyword.findWebElement(WebUIAbstractKeyword.groovy:27)
	at com.kms.katalon.core.webui.keyword.internal.WebUIAbstractKeyword.findWebElement(WebUIAbstractKeyword.groovy:26)
	at com.kms.katalon.core.webui.keyword.builtin.RightClickKeyword$_rightClick_closure1.doCall(RightClickKeyword.groovy:77)
	at com.kms.katalon.core.webui.keyword.builtin.RightClickKeyword$_rightClick_closure1.call(RightClickKeyword.groovy)
	at com.kms.katalon.core.webui.keyword.internal.WebUIKeywordMain.runKeyword(WebUIKeywordMain.groovy:20)
	at com.kms.katalon.core.webui.keyword.builtin.RightClickKeyword.rightClick(RightClickKeyword.groovy:87)
	at com.kms.katalon.core.webui.keyword.builtin.RightClickKeyword.execute(RightClickKeyword.groovy:67)
	at com.kms.katalon.core.keyword.internal.KeywordExecutor.executeKeywordForPlatform(KeywordExecutor.groovy:74)
	at com.kms.katalon.core.webui.keyword.WebUiBuiltInKeywords.rightClick(WebUiBuiltInKeywords.groovy:752)
	at Script1698287168375.run(Script1698287168375.groovy:28)
	... 18 more
)
[[ATTACHMENT|C:\\Users\\rchalil\\Katalon Studio\\My First Web UI Project\\Reports\\20231031_162345\\Reshna - All TCs Suite\\20231031_162345\\1698784206686.png]]

2023-10-31 16:30:06 - [TEST_STEP][PASSED] - Start listener action : sampleAfterTestCase: null

2023-10-31 16:30:06 - [TEST_STEP][PASSED] - println(testCaseContext.getTestCaseId()): null

2023-10-31 16:30:06 - [TEST_STEP][PASSED] - println(testCaseContext.getTestCaseStatus()): null]]></system-out>
         <system-err><![CDATA[2023-10-31 16:29:25 - [TEST_CASE][FAILED] - Test Cases/Search Google: Test Cases/Search Google FAILED.
Reason:
com.kms.katalon.core.exception.StepFailedException: Unable to right click on object 'Object Repository/Page_katalon - Google Search/span_Katalon Platform - Best Codeless Testing Tool'
	at com.kms.katalon.core.webui.keyword.internal.WebUIKeywordMain.stepFailed(WebUIKeywordMain.groovy:64)
	at com.kms.katalon.core.webui.keyword.internal.WebUIKeywordMain.runKeyword(WebUIKeywordMain.groovy:26)
	at com.kms.katalon.core.webui.keyword.builtin.RightClickKeyword.rightClick(RightClickKeyword.groovy:87)
	at com.kms.katalon.core.webui.keyword.builtin.RightClickKeyword.execute(RightClickKeyword.groovy:67)
	at com.kms.katalon.core.keyword.internal.KeywordExecutor.executeKeywordForPlatform(KeywordExecutor.groovy:74)
	at com.kms.katalon.core.webui.keyword.WebUiBuiltInKeywords.rightClick(WebUiBuiltInKeywords.groovy:752)
	at Search Google.run(Search Google:28)
	at com.kms.katalon.core.main.ScriptEngine.run(ScriptEngine.java:194)
	at com.kms.katalon.core.main.ScriptEngine.runScriptAsRawText(ScriptEngine.java:119)
	at com.kms.katalon.core.main.TestCaseExecutor.runScript(TestCaseExecutor.java:448)
	at com.kms.katalon.core.main.TestCaseExecutor.doExecute(TestCaseExecutor.java:439)
	at com.kms.katalon.core.main.TestCaseExecutor.processExecutionPhase(TestCaseExecutor.java:418)
	at com.kms.katalon.core.main.TestCaseExecutor.accessMainPhase(TestCaseExecutor.java:410)
	at com.kms.katalon.core.main.TestCaseExecutor.execute(TestCaseExecutor.java:285)
	at com.kms.katalon.core.main.TestCaseExecutor.execute(TestCaseExecutor.java:369)
	at com.kms.katalon.core.main.TestCaseExecutor.execute(TestCaseExecutor.java:369)
	at com.kms.katalon.core.main.TestCaseExecutor.execute(TestCaseExecutor.java:369)
	at com.kms.katalon.core.common.CommonExecutor.accessTestCaseMainPhase(CommonExecutor.java:65)
	at com.kms.katalon.core.main.TestSuiteExecutor.accessTestSuiteMainPhase(TestSuiteExecutor.java:148)
	at com.kms.katalon.core.main.TestSuiteExecutor.execute(TestSuiteExecutor.java:106)
	at com.kms.katalon.core.main.TestCaseMain.startTestSuite(TestCaseMain.java:187)
	at TempTestSuite1698783825302.run(TempTestSuite1698783825302.groovy:36)
	at java.base/jdk.internal.reflect.NativeMethodAccessorImpl.invoke0(Native Method)
	at java.base/jdk.internal.reflect.NativeMethodAccessorImpl.invoke(NativeMethodAccessorImpl.java:77)
	at java.base/jdk.internal.reflect.DelegatingMethodAccessorImpl.invoke(DelegatingMethodAccessorImpl.java:43)
Caused by: com.kms.katalon.core.webui.exception.WebElementNotFoundException: Web element with id: 'Object Repository/Page_katalon - Google Search/span_Katalon Platform - Best Codeless Testing Tool' located by '//div[@id='tads']/div/div/div/div/div/a/div/span' not found
	at com.kms.katalon.core.webui.common.WebUiCommonHelper.findWebElement(WebUiCommonHelper.java:1379)
	at com.kms.katalon.core.webui.keyword.internal.WebUIAbstractKeyword.findWebElement(WebUIAbstractKeyword.groovy:27)
	at com.kms.katalon.core.webui.keyword.internal.WebUIAbstractKeyword.findWebElement(WebUIAbstractKeyword.groovy:26)
	at com.kms.katalon.core.webui.keyword.builtin.RightClickKeyword$_rightClick_closure1.doCall(RightClickKeyword.groovy:77)
	at com.kms.katalon.core.webui.keyword.builtin.RightClickKeyword$_rightClick_closure1.call(RightClickKeyword.groovy)
	at com.kms.katalon.core.webui.keyword.internal.WebUIKeywordMain.runKeyword(WebUIKeywordMain.groovy:20)
	... 23 more]]></system-err>
      </testcase>
      <testcase name="Test Cases/Verify Consulting present within Deloitte site" time="22.289" classname="Test Cases/Verify Consulting present within Deloitte site" status="PASSED">
         <system-out><![CDATA[2023-10-31 16:30:06 - [TEST_CASE][PASSED] - Test Cases/Verify Consulting present within Deloitte site: Test Cases/Verify Consulting present within Deloitte site

2023-10-31 16:30:06 - [TEST_STEP][PASSED] - Start listener action : sampleBeforeTestCase: null

2023-10-31 16:30:06 - [TEST_STEP][PASSED] - println(testCaseContext.getTestCaseId()): null

2023-10-31 16:30:06 - [TEST_STEP][PASSED] - println(testCaseContext.getTestCaseVariables()): null

2023-10-31 16:30:06 - [TEST_STEP][PASSED] - openBrowser(""): Browser is opened with url: ''

2023-10-31 16:30:06 - [MESSAGE][WARNING] - A browser is already opened. Closing browser and opening a new one

2023-10-31 16:30:07 - [MESSAGE][INFO] - Starting 'Chrome' driver

2023-10-31 16:30:07 - [MESSAGE][INFO] - Action delay is set to 0 milliseconds

2023-10-31 16:30:10 - [MESSAGE][PASSED] - Browser is opened with url: ''

2023-10-31 16:30:10 - [TEST_STEP][PASSED] - navigateToUrl("https://www2.deloitte.com/us/en.html"): Navigate to 'https://www2.deloitte.com/us/en.html' successfully

2023-10-31 16:30:12 - [MESSAGE][PASSED] - Navigate to 'https://www2.deloitte.com/us/en.html' successfully

2023-10-31 16:30:12 - [TEST_STEP][PASSED] - click(findTestObject("Object Repository/Page_Deloitte US  Audit, Consulting, Adviso_ec7ae4/button_Accept and close")): Object: 'Object Repository/Page_Deloitte US  Audit, Consulting, Adviso_ec7ae4/button_Accept and close' is clicked on

2023-10-31 16:30:17 - [MESSAGE][PASSED] - Object: 'Object Repository/Page_Deloitte US  Audit, Consulting, Adviso_ec7ae4/button_Accept and close' is clicked on

2023-10-31 16:30:17 - [TEST_STEP][PASSED] - click(findTestObject("Object Repository/Page_Deloitte US  Audit, Consulting, Adviso_ec7ae4/a_Services")): Object: 'Object Repository/Page_Deloitte US  Audit, Consulting, Adviso_ec7ae4/a_Services' is clicked on

2023-10-31 16:30:17 - [MESSAGE][PASSED] - Object: 'Object Repository/Page_Deloitte US  Audit, Consulting, Adviso_ec7ae4/a_Services' is clicked on

2023-10-31 16:30:17 - [TEST_STEP][PASSED] - click(findTestObject("Object Repository/Page_Deloitte US  Audit, Consulting, Adviso_ec7ae4/a_Services")): Object: 'Object Repository/Page_Deloitte US  Audit, Consulting, Adviso_ec7ae4/a_Services' is clicked on

2023-10-31 16:30:18 - [MESSAGE][PASSED] - Object: 'Object Repository/Page_Deloitte US  Audit, Consulting, Adviso_ec7ae4/a_Services' is clicked on

2023-10-31 16:30:18 - [TEST_STEP][PASSED] - click(findTestObject("Object Repository/Page_Deloitte US  Audit, Consulting, Adviso_ec7ae4/a_Consulting")): Object: 'Object Repository/Page_Deloitte US  Audit, Consulting, Adviso_ec7ae4/a_Consulting' is clicked on

2023-10-31 16:30:25 - [MESSAGE][PASSED] - Object: 'Object Repository/Page_Deloitte US  Audit, Consulting, Adviso_ec7ae4/a_Consulting' is clicked on

2023-10-31 16:30:25 - [TEST_STEP][PASSED] - click(findTestObject("Object Repository/Page_Management Consulting Services and Sol_cbb449/h1_Consulting")): Object: 'Object Repository/Page_Management Consulting Services and Sol_cbb449/h1_Consulting' is clicked on

2023-10-31 16:30:28 - [MESSAGE][PASSED] - Object: 'Object Repository/Page_Management Consulting Services and Sol_cbb449/h1_Consulting' is clicked on

2023-10-31 16:30:28 - [TEST_STEP][PASSED] - verifyElementPresent(findTestObject("Object Repository/Page_Management Consulting Services and Sol_cbb449/h1_Consulting"), 0): Object 'Object Repository/Page_Management Consulting Services and Sol_cbb449/h1_Consulting' is present

2023-10-31 16:30:28 - [MESSAGE][WARNING] - Timeout '0' is invalid. Using default page load timeout: '30'

2023-10-31 16:30:28 - [MESSAGE][PASSED] - Object 'Object Repository/Page_Management Consulting Services and Sol_cbb449/h1_Consulting' is present

2023-10-31 16:30:28 - [TEST_STEP][PASSED] - closeBrowser(): Browser is closed

2023-10-31 16:30:29 - [MESSAGE][PASSED] - Browser is closed

2023-10-31 16:30:29 - [TEST_STEP][PASSED] - Start listener action : sampleAfterTestCase: null

2023-10-31 16:30:29 - [TEST_STEP][PASSED] - println(testCaseContext.getTestCaseId()): null

2023-10-31 16:30:29 - [TEST_STEP][PASSED] - println(testCaseContext.getTestCaseStatus()): null]]></system-out>
         <system-err><![CDATA[]]></system-err>
      </testcase>
      <testcase name="Test Cases/Verify LifeScience in Deloitte Industry" time="13.8" classname="Test Cases/Verify LifeScience in Deloitte Industry" status="FAILED">
         <failure type="FAILED" message="Test Cases/Verify LifeScience in Deloitte Industry FAILED.&#xa;Reason:&#xa;com.kms.katalon.core.exception.StepFailedException: Unable to click on object 'Object Repository/Deloitte/Page_Deloitte US  Audit, Consulting, Adviso_ec7ae4/a_Life Sciences  Health Care'&#xa;	at com.kms.katalon.core.webui.keyword.internal.WebUIKeywordMain.stepFailed(WebUIKeywordMain.groovy:64)&#xa;	at com.kms.katalon.core.webui.keyword.internal.WebUIKeywordMain.runKeyword(WebUIKeywordMain.groovy:26)&#xa;	at com.kms.katalon.core.webui.keyword.builtin.ClickKeyword.click(ClickKeyword.groovy:74)&#xa;	at com.kms.katalon.core.webui.keyword.builtin.ClickKeyword.execute(ClickKeyword.groovy:40)&#xa;	at com.kms.katalon.core.keyword.internal.KeywordExecutor.executeKeywordForPlatform(KeywordExecutor.groovy:74)&#xa;	at com.kms.katalon.core.webui.keyword.WebUiBuiltInKeywords.click(WebUiBuiltInKeywords.groovy:620)&#xa;	at Verify LifeScience in Deloitte Industry.run(Verify LifeScience in Deloitte Industry:30)&#xa;	at com.kms.katalon.core.main.ScriptEngine.run(ScriptEngine.java:194)&#xa;	at com.kms.katalon.core.main.ScriptEngine.runScriptAsRawText(ScriptEngine.java:119)&#xa;	at com.kms.katalon.core.main.TestCaseExecutor.runScript(TestCaseExecutor.java:448)&#xa;	at com.kms.katalon.core.main.TestCaseExecutor.doExecute(TestCaseExecutor.java:439)&#xa;	at com.kms.katalon.core.main.TestCaseExecutor.processExecutionPhase(TestCaseExecutor.java:418)&#xa;	at com.kms.katalon.core.main.TestCaseExecutor.accessMainPhase(TestCaseExecutor.java:410)&#xa;	at com.kms.katalon.core.main.TestCaseExecutor.execute(TestCaseExecutor.java:285)&#xa;	at com.kms.katalon.core.main.TestCaseExecutor.execute(TestCaseExecutor.java:369)&#xa;	at com.kms.katalon.core.main.TestCaseExecutor.execute(TestCaseExecutor.java:369)&#xa;	at com.kms.katalon.core.main.TestCaseExecutor.execute(TestCaseExecutor.java:369)&#xa;	at com.kms.katalon.core.common.CommonExecutor.accessTestCaseMainPhase(CommonExecutor.java:65)&#xa;	at com.kms.katalon.core.main.TestSuiteExecutor.accessTestSuiteMainPhase(TestSuiteExecutor.java:148)&#xa;	at com.kms.katalon.core.main.TestSuiteExecutor.execute(TestSuiteExecutor.java:106)&#xa;	at com.kms.katalon.core.main.TestCaseMain.startTestSuite(TestCaseMain.java:187)&#xa;	at TempTestSuite1698783825302.run(TempTestSuite1698783825302.groovy:36)&#xa;	at java.base/jdk.internal.reflect.NativeMethodAccessorImpl.invoke0(Native Method)&#xa;	at java.base/jdk.internal.reflect.NativeMethodAccessorImpl.invoke(NativeMethodAccessorImpl.java:77)&#xa;	at java.base/jdk.internal.reflect.DelegatingMethodAccessorImpl.invoke(DelegatingMethodAccessorImpl.java:43)&#xa;Caused by: org.openqa.selenium.ElementNotInteractableException: element not interactable&#xa;  (Session info: chrome=118.0.5993.118)&#xa;Build info: version: '3.141.59', revision: 'e82be7d358', time: '2018-11-14T08:25:53'&#xa;System info: host: 'USPRNRCHALIL2', ip: '10.0.0.182', os.name: 'Windows 10', os.arch: 'amd64', os.version: '10.0', java.version: '17.0.7'&#xa;Driver info: com.kms.katalon.selenium.driver.CChromeDriver&#xa;Capabilities {acceptInsecureCerts: false, browserName: chrome, browserVersion: 118.0.5993.118, chrome: {chromedriverVersion: 118.0.5993.70 (e52f33f30b91..., userDataDir: C:\Users\rchalil\AppData\Lo...}, fedcm:accounts: true, goog:chromeOptions: {debuggerAddress: localhost:62000}, javascriptEnabled: true, networkConnectionEnabled: false, pageLoadStrategy: normal, platform: WINDOWS, platformName: WINDOWS, proxy: Proxy(), setWindowRect: true, strictFileInteractability: false, timeouts: {implicit: 0, pageLoad: 300000, script: 30000}, unhandledPromptBehavior: dismiss and notify, webauthn:extension:credBlob: true, webauthn:extension:largeBlob: true, webauthn:extension:minPinLength: true, webauthn:extension:prf: true, webauthn:virtualAuthenticators: true}&#xa;Session ID: e823c7a3188e637362ea34d82d7dbda2&#xa;	at java.base/jdk.internal.reflect.NativeConstructorAccessorImpl.newInstance0(Native Method)&#xa;	at java.base/jdk.internal.reflect.NativeConstructorAccessorImpl.newInstance(NativeConstructorAccessorImpl.java:77)&#xa;	at java.base/jdk.internal.reflect.DelegatingConstructorAccessorImpl.newInstance(DelegatingConstructorAccessorImpl.java:45)&#xa;	at org.openqa.selenium.remote.http.W3CHttpResponseCodec.createException(W3CHttpResponseCodec.java:187)&#xa;	at org.openqa.selenium.remote.http.W3CHttpResponseCodec.decode(W3CHttpResponseCodec.java:122)&#xa;	at org.openqa.selenium.remote.http.W3CHttpResponseCodec.decode(W3CHttpResponseCodec.java:49)&#xa;	at org.openqa.selenium.remote.HttpCommandExecutor.execute(HttpCommandExecutor.java:158)&#xa;	at org.openqa.selenium.remote.service.DriverCommandExecutor.execute(DriverCommandExecutor.java:83)&#xa;	at org.openqa.selenium.remote.RemoteWebDriver.execute(RemoteWebDriver.java:552)&#xa;	at com.kms.katalon.selenium.driver.CChromeDriver.execute(CChromeDriver.java:19)&#xa;	at org.openqa.selenium.remote.RemoteWebElement.execute(RemoteWebElement.java:285)&#xa;	at org.openqa.selenium.remote.RemoteWebElement.click(RemoteWebElement.java:84)&#xa;	at jdk.internal.reflect.GeneratedMethodAccessor17.invoke(Unknown Source)&#xa;	at java.base/jdk.internal.reflect.DelegatingMethodAccessorImpl.invoke(DelegatingMethodAccessorImpl.java:43)&#xa;	at org.openqa.selenium.support.events.EventFiringWebDriver$EventFiringWebElement.lambda$new$0(EventFiringWebDriver.java:404)&#xa;	at jdk.proxy2/jdk.proxy2.$Proxy26.click(Unknown Source)&#xa;	at org.openqa.selenium.support.events.EventFiringWebDriver$EventFiringWebElement.click(EventFiringWebDriver.java:417)&#xa;	at org.openqa.selenium.WebElement$click.call(Unknown Source)&#xa;	at com.kms.katalon.core.webui.keyword.builtin.ClickKeyword.clickUntilSuccessWithTimeout(ClickKeyword.groovy:81)&#xa;	at com.kms.katalon.core.webui.keyword.builtin.ClickKeyword.clickUntilSuccessWithTimeout(ClickKeyword.groovy)&#xa;	at jdk.internal.reflect.GeneratedMethodAccessor15.invoke(Unknown Source)&#xa;	at java.base/jdk.internal.reflect.DelegatingMethodAccessorImpl.invoke(DelegatingMethodAccessorImpl.java:43)&#xa;	at com.kms.katalon.core.webui.keyword.builtin.ClickKeyword$_click_closure1.doCall(ClickKeyword.groovy:67)&#xa;	at com.kms.katalon.core.webui.keyword.builtin.ClickKeyword$_click_closure1.call(ClickKeyword.groovy)&#xa;	at com.kms.katalon.core.webui.keyword.internal.WebUIKeywordMain.runKeyword(WebUIKeywordMain.groovy:20)&#xa;	... 23 more&#xa;"/>
         <system-out><![CDATA[2023-10-31 16:31:06 - [TEST_CASE][FAILED] - Test Cases/Verify LifeScience in Deloitte Industry: Test Cases/Verify LifeScience in Deloitte Industry FAILED.
Reason:
com.kms.katalon.core.exception.StepFailedException: Unable to click on object 'Object Repository/Deloitte/Page_Deloitte US  Audit, Consulting, Adviso_ec7ae4/a_Life Sciences  Health Care'
	at com.kms.katalon.core.webui.keyword.internal.WebUIKeywordMain.stepFailed(WebUIKeywordMain.groovy:64)
	at com.kms.katalon.core.webui.keyword.internal.WebUIKeywordMain.runKeyword(WebUIKeywordMain.groovy:26)
	at com.kms.katalon.core.webui.keyword.builtin.ClickKeyword.click(ClickKeyword.groovy:74)
	at com.kms.katalon.core.webui.keyword.builtin.ClickKeyword.execute(ClickKeyword.groovy:40)
	at com.kms.katalon.core.keyword.internal.KeywordExecutor.executeKeywordForPlatform(KeywordExecutor.groovy:74)
	at com.kms.katalon.core.webui.keyword.WebUiBuiltInKeywords.click(WebUiBuiltInKeywords.groovy:620)
	at Verify LifeScience in Deloitte Industry.run(Verify LifeScience in Deloitte Industry:30)
	at com.kms.katalon.core.main.ScriptEngine.run(ScriptEngine.java:194)
	at com.kms.katalon.core.main.ScriptEngine.runScriptAsRawText(ScriptEngine.java:119)
	at com.kms.katalon.core.main.TestCaseExecutor.runScript(TestCaseExecutor.java:448)
	at com.kms.katalon.core.main.TestCaseExecutor.doExecute(TestCaseExecutor.java:439)
	at com.kms.katalon.core.main.TestCaseExecutor.processExecutionPhase(TestCaseExecutor.java:418)
	at com.kms.katalon.core.main.TestCaseExecutor.accessMainPhase(TestCaseExecutor.java:410)
	at com.kms.katalon.core.main.TestCaseExecutor.execute(TestCaseExecutor.java:285)
	at com.kms.katalon.core.main.TestCaseExecutor.execute(TestCaseExecutor.java:369)
	at com.kms.katalon.core.main.TestCaseExecutor.execute(TestCaseExecutor.java:369)
	at com.kms.katalon.core.main.TestCaseExecutor.execute(TestCaseExecutor.java:369)
	at com.kms.katalon.core.common.CommonExecutor.accessTestCaseMainPhase(CommonExecutor.java:65)
	at com.kms.katalon.core.main.TestSuiteExecutor.accessTestSuiteMainPhase(TestSuiteExecutor.java:148)
	at com.kms.katalon.core.main.TestSuiteExecutor.execute(TestSuiteExecutor.java:106)
	at com.kms.katalon.core.main.TestCaseMain.startTestSuite(TestCaseMain.java:187)
	at TempTestSuite1698783825302.run(TempTestSuite1698783825302.groovy:36)
	at java.base/jdk.internal.reflect.NativeMethodAccessorImpl.invoke0(Native Method)
	at java.base/jdk.internal.reflect.NativeMethodAccessorImpl.invoke(NativeMethodAccessorImpl.java:77)
	at java.base/jdk.internal.reflect.DelegatingMethodAccessorImpl.invoke(DelegatingMethodAccessorImpl.java:43)
Caused by: org.openqa.selenium.ElementNotInteractableException: element not interactable
  (Session info: chrome=118.0.5993.118)
Build info: version: '3.141.59', revision: 'e82be7d358', time: '2018-11-14T08:25:53'
System info: host: 'USPRNRCHALIL2', ip: '10.0.0.182', os.name: 'Windows 10', os.arch: 'amd64', os.version: '10.0', java.version: '17.0.7'
Driver info: com.kms.katalon.selenium.driver.CChromeDriver
Capabilities {acceptInsecureCerts: false, browserName: chrome, browserVersion: 118.0.5993.118, chrome: {chromedriverVersion: 118.0.5993.70 (e52f33f30b91..., userDataDir: C:\Users\rchalil\AppData\Lo...}, fedcm:accounts: true, goog:chromeOptions: {debuggerAddress: localhost:62000}, javascriptEnabled: true, networkConnectionEnabled: false, pageLoadStrategy: normal, platform: WINDOWS, platformName: WINDOWS, proxy: Proxy(), setWindowRect: true, strictFileInteractability: false, timeouts: {implicit: 0, pageLoad: 300000, script: 30000}, unhandledPromptBehavior: dismiss and notify, webauthn:extension:credBlob: true, webauthn:extension:largeBlob: true, webauthn:extension:minPinLength: true, webauthn:extension:prf: true, webauthn:virtualAuthenticators: true}
Session ID: e823c7a3188e637362ea34d82d7dbda2
	at java.base/jdk.internal.reflect.NativeConstructorAccessorImpl.newInstance0(Native Method)
	at java.base/jdk.internal.reflect.NativeConstructorAccessorImpl.newInstance(NativeConstructorAccessorImpl.java:77)
	at java.base/jdk.internal.reflect.DelegatingConstructorAccessorImpl.newInstance(DelegatingConstructorAccessorImpl.java:45)
	at org.openqa.selenium.remote.http.W3CHttpResponseCodec.createException(W3CHttpResponseCodec.java:187)
	at org.openqa.selenium.remote.http.W3CHttpResponseCodec.decode(W3CHttpResponseCodec.java:122)
	at org.openqa.selenium.remote.http.W3CHttpResponseCodec.decode(W3CHttpResponseCodec.java:49)
	at org.openqa.selenium.remote.HttpCommandExecutor.execute(HttpCommandExecutor.java:158)
	at org.openqa.selenium.remote.service.DriverCommandExecutor.execute(DriverCommandExecutor.java:83)
	at org.openqa.selenium.remote.RemoteWebDriver.execute(RemoteWebDriver.java:552)
	at com.kms.katalon.selenium.driver.CChromeDriver.execute(CChromeDriver.java:19)
	at org.openqa.selenium.remote.RemoteWebElement.execute(RemoteWebElement.java:285)
	at org.openqa.selenium.remote.RemoteWebElement.click(RemoteWebElement.java:84)
	at jdk.internal.reflect.GeneratedMethodAccessor17.invoke(Unknown Source)
	at java.base/jdk.internal.reflect.DelegatingMethodAccessorImpl.invoke(DelegatingMethodAccessorImpl.java:43)
	at org.openqa.selenium.support.events.EventFiringWebDriver$EventFiringWebElement.lambda$new$0(EventFiringWebDriver.java:404)
	at jdk.proxy2/jdk.proxy2.$Proxy26.click(Unknown Source)
	at org.openqa.selenium.support.events.EventFiringWebDriver$EventFiringWebElement.click(EventFiringWebDriver.java:417)
	at org.openqa.selenium.WebElement$click.call(Unknown Source)
	at com.kms.katalon.core.webui.keyword.builtin.ClickKeyword.clickUntilSuccessWithTimeout(ClickKeyword.groovy:81)
	at com.kms.katalon.core.webui.keyword.builtin.ClickKeyword.clickUntilSuccessWithTimeout(ClickKeyword.groovy)
	at jdk.internal.reflect.GeneratedMethodAccessor15.invoke(Unknown Source)
	at java.base/jdk.internal.reflect.DelegatingMethodAccessorImpl.invoke(DelegatingMethodAccessorImpl.java:43)
	at com.kms.katalon.core.webui.keyword.builtin.ClickKeyword$_click_closure1.doCall(ClickKeyword.groovy:67)
	at com.kms.katalon.core.webui.keyword.builtin.ClickKeyword$_click_closure1.call(ClickKeyword.groovy)
	at com.kms.katalon.core.webui.keyword.internal.WebUIKeywordMain.runKeyword(WebUIKeywordMain.groovy:20)
	... 23 more


2023-10-31 16:31:06 - [TEST_STEP][PASSED] - Start listener action : sampleBeforeTestCase: null

2023-10-31 16:31:06 - [TEST_STEP][PASSED] - println(testCaseContext.getTestCaseId()): null

2023-10-31 16:31:06 - [TEST_STEP][PASSED] - println(testCaseContext.getTestCaseVariables()): null

2023-10-31 16:31:06 - [TEST_STEP][PASSED] - openBrowser(""): Browser is opened with url: ''

2023-10-31 16:31:06 - [MESSAGE][WARNING] - A browser is already opened. Closing browser and opening a new one

2023-10-31 16:31:06 - [MESSAGE][INFO] - Starting 'Chrome' driver

2023-10-31 16:31:06 - [MESSAGE][INFO] - Action delay is set to 0 milliseconds

2023-10-31 16:31:10 - [MESSAGE][PASSED] - Browser is opened with url: ''

2023-10-31 16:31:10 - [TEST_STEP][PASSED] - navigateToUrl("https://www2.deloitte.com/us/en.html"): Navigate to 'https://www2.deloitte.com/us/en.html' successfully

2023-10-31 16:31:12 - [MESSAGE][PASSED] - Navigate to 'https://www2.deloitte.com/us/en.html' successfully

2023-10-31 16:31:12 - [TEST_STEP][PASSED] - maximizeWindow(): Current window maximized

2023-10-31 16:31:13 - [MESSAGE][PASSED] - Current window maximized

2023-10-31 16:31:13 - [TEST_STEP][PASSED] - click(findTestObject("Object Repository/Deloitte/Page_Deloitte US  Audit, Consulting, Adviso_ec7ae4/button_Accept and close")): Object: 'Object Repository/Deloitte/Page_Deloitte US  Audit, Consulting, Adviso_ec7ae4/button_Accept and close' is clicked on

2023-10-31 16:31:18 - [MESSAGE][PASSED] - Object: 'Object Repository/Deloitte/Page_Deloitte US  Audit, Consulting, Adviso_ec7ae4/button_Accept and close' is clicked on

2023-10-31 16:31:18 - [TEST_STEP][PASSED] - click(findTestObject("Object Repository/Deloitte/Page_Deloitte US  Audit, Consulting, Adviso_ec7ae4/i_icon-chevron")): Object: 'Object Repository/Deloitte/Page_Deloitte US  Audit, Consulting, Adviso_ec7ae4/i_icon-chevron' is clicked on

2023-10-31 16:31:19 - [MESSAGE][PASSED] - Object: 'Object Repository/Deloitte/Page_Deloitte US  Audit, Consulting, Adviso_ec7ae4/i_icon-chevron' is clicked on

2023-10-31 16:31:19 - [TEST_STEP][FAILED] - click(findTestObject("Object Repository/Deloitte/Page_Deloitte US  Audit, Consulting, Adviso_ec7ae4/a_Life Sciences  Health Care")): Unable to click on object 'Object Repository/Deloitte/Page_Deloitte US  Audit, Consulting, Adviso_ec7ae4/a_Life Sciences  Health Care' (Root cause: com.kms.katalon.core.exception.StepFailedException: Unable to click on object 'Object Repository/Deloitte/Page_Deloitte US  Audit, Consulting, Adviso_ec7ae4/a_Life Sciences  Health Care'
	at com.kms.katalon.core.webui.keyword.internal.WebUIKeywordMain.stepFailed(WebUIKeywordMain.groovy:64)
	at com.kms.katalon.core.webui.keyword.internal.WebUIKeywordMain.runKeyword(WebUIKeywordMain.groovy:26)
	at com.kms.katalon.core.webui.keyword.builtin.ClickKeyword.click(ClickKeyword.groovy:74)
	at com.kms.katalon.core.webui.keyword.builtin.ClickKeyword.execute(ClickKeyword.groovy:40)
	at com.kms.katalon.core.keyword.internal.KeywordExecutor.executeKeywordForPlatform(KeywordExecutor.groovy:74)
	at com.kms.katalon.core.webui.keyword.WebUiBuiltInKeywords.click(WebUiBuiltInKeywords.groovy:620)
	at Verify LifeScience in Deloitte Industry.run(Verify LifeScience in Deloitte Industry:30)
	at com.kms.katalon.core.main.ScriptEngine.run(ScriptEngine.java:194)
	at com.kms.katalon.core.main.ScriptEngine.runScriptAsRawText(ScriptEngine.java:119)
	at com.kms.katalon.core.main.TestCaseExecutor.runScript(TestCaseExecutor.java:448)
	at com.kms.katalon.core.main.TestCaseExecutor.doExecute(TestCaseExecutor.java:439)
	at com.kms.katalon.core.main.TestCaseExecutor.processExecutionPhase(TestCaseExecutor.java:418)
	at com.kms.katalon.core.main.TestCaseExecutor.accessMainPhase(TestCaseExecutor.java:410)
	at com.kms.katalon.core.main.TestCaseExecutor.execute(TestCaseExecutor.java:285)
	at com.kms.katalon.core.main.TestCaseExecutor.execute(TestCaseExecutor.java:369)
	at com.kms.katalon.core.main.TestCaseExecutor.execute(TestCaseExecutor.java:369)
	at com.kms.katalon.core.main.TestCaseExecutor.execute(TestCaseExecutor.java:369)
	at com.kms.katalon.core.common.CommonExecutor.accessTestCaseMainPhase(CommonExecutor.java:65)
	at com.kms.katalon.core.main.TestSuiteExecutor.accessTestSuiteMainPhase(TestSuiteExecutor.java:148)
	at com.kms.katalon.core.main.TestSuiteExecutor.execute(TestSuiteExecutor.java:106)
	at com.kms.katalon.core.main.TestCaseMain.startTestSuite(TestCaseMain.java:187)
	at TempTestSuite1698783825302.run(TempTestSuite1698783825302.groovy:36)
	at java.base/jdk.internal.reflect.NativeMethodAccessorImpl.invoke0(Native Method)
	at java.base/jdk.internal.reflect.NativeMethodAccessorImpl.invoke(NativeMethodAccessorImpl.java:77)
	at java.base/jdk.internal.reflect.DelegatingMethodAccessorImpl.invoke(DelegatingMethodAccessorImpl.java:43)
Caused by: org.openqa.selenium.ElementNotInteractableException: element not interactable
  (Session info: chrome=118.0.5993.118)
Build info: version: '3.141.59', revision: 'e82be7d358', time: '2018-11-14T08:25:53'
System info: host: 'USPRNRCHALIL2', ip: '10.0.0.182', os.name: 'Windows 10', os.arch: 'amd64', os.version: '10.0', java.version: '17.0.7'
Driver info: com.kms.katalon.selenium.driver.CChromeDriver
Capabilities {acceptInsecureCerts: false, browserName: chrome, browserVersion: 118.0.5993.118, chrome: {chromedriverVersion: 118.0.5993.70 (e52f33f30b91..., userDataDir: C:\Users\rchalil\AppData\Lo...}, fedcm:accounts: true, goog:chromeOptions: {debuggerAddress: localhost:62000}, javascriptEnabled: true, networkConnectionEnabled: false, pageLoadStrategy: normal, platform: WINDOWS, platformName: WINDOWS, proxy: Proxy(), setWindowRect: true, strictFileInteractability: false, timeouts: {implicit: 0, pageLoad: 300000, script: 30000}, unhandledPromptBehavior: dismiss and notify, webauthn:extension:credBlob: true, webauthn:extension:largeBlob: true, webauthn:extension:minPinLength: true, webauthn:extension:prf: true, webauthn:virtualAuthenticators: true}
Session ID: e823c7a3188e637362ea34d82d7dbda2
	at java.base/jdk.internal.reflect.NativeConstructorAccessorImpl.newInstance0(Native Method)
	at java.base/jdk.internal.reflect.NativeConstructorAccessorImpl.newInstance(NativeConstructorAccessorImpl.java:77)
	at java.base/jdk.internal.reflect.DelegatingConstructorAccessorImpl.newInstance(DelegatingConstructorAccessorImpl.java:45)
	at org.openqa.selenium.remote.http.W3CHttpResponseCodec.createException(W3CHttpResponseCodec.java:187)
	at org.openqa.selenium.remote.http.W3CHttpResponseCodec.decode(W3CHttpResponseCodec.java:122)
	at org.openqa.selenium.remote.http.W3CHttpResponseCodec.decode(W3CHttpResponseCodec.java:49)
	at org.openqa.selenium.remote.HttpCommandExecutor.execute(HttpCommandExecutor.java:158)
	at org.openqa.selenium.remote.service.DriverCommandExecutor.execute(DriverCommandExecutor.java:83)
	at org.openqa.selenium.remote.RemoteWebDriver.execute(RemoteWebDriver.java:552)
	at com.kms.katalon.selenium.driver.CChromeDriver.execute(CChromeDriver.java:19)
	at org.openqa.selenium.remote.RemoteWebElement.execute(RemoteWebElement.java:285)
	at org.openqa.selenium.remote.RemoteWebElement.click(RemoteWebElement.java:84)
	at jdk.internal.reflect.GeneratedMethodAccessor17.invoke(Unknown Source)
	at java.base/jdk.internal.reflect.DelegatingMethodAccessorImpl.invoke(DelegatingMethodAccessorImpl.java:43)
	at org.openqa.selenium.support.events.EventFiringWebDriver$EventFiringWebElement.lambda$new$0(EventFiringWebDriver.java:404)
	at jdk.proxy2/jdk.proxy2.$Proxy26.click(Unknown Source)
	at org.openqa.selenium.support.events.EventFiringWebDriver$EventFiringWebElement.click(EventFiringWebDriver.java:417)
	at org.openqa.selenium.WebElement$click.call(Unknown Source)
	at com.kms.katalon.core.webui.keyword.builtin.ClickKeyword.clickUntilSuccessWithTimeout(ClickKeyword.groovy:81)
	at com.kms.katalon.core.webui.keyword.builtin.ClickKeyword.clickUntilSuccessWithTimeout(ClickKeyword.groovy)
	at jdk.internal.reflect.GeneratedMethodAccessor15.invoke(Unknown Source)
	at java.base/jdk.internal.reflect.DelegatingMethodAccessorImpl.invoke(DelegatingMethodAccessorImpl.java:43)
	at com.kms.katalon.core.webui.keyword.builtin.ClickKeyword$_click_closure1.doCall(ClickKeyword.groovy:67)
	at com.kms.katalon.core.webui.keyword.builtin.ClickKeyword$_click_closure1.call(ClickKeyword.groovy)
	at com.kms.katalon.core.webui.keyword.internal.WebUIKeywordMain.runKeyword(WebUIKeywordMain.groovy:20)
	at com.kms.katalon.core.webui.keyword.builtin.ClickKeyword.click(ClickKeyword.groovy:74)
	at com.kms.katalon.core.webui.keyword.builtin.ClickKeyword.execute(ClickKeyword.groovy:40)
	at com.kms.katalon.core.keyword.internal.KeywordExecutor.executeKeywordForPlatform(KeywordExecutor.groovy:74)
	at com.kms.katalon.core.webui.keyword.WebUiBuiltInKeywords.click(WebUiBuiltInKeywords.groovy:620)
	at Script1698757120781.run(Script1698757120781.groovy:30)
	... 18 more
)

2023-10-31 16:31:20 - [MESSAGE][FAILED] - Unable to click on object 'Object Repository/Deloitte/Page_Deloitte US  Audit, Consulting, Adviso_ec7ae4/a_Life Sciences  Health Care' (Root cause: com.kms.katalon.core.exception.StepFailedException: Unable to click on object 'Object Repository/Deloitte/Page_Deloitte US  Audit, Consulting, Adviso_ec7ae4/a_Life Sciences  Health Care'
	at com.kms.katalon.core.webui.keyword.internal.WebUIKeywordMain.stepFailed(WebUIKeywordMain.groovy:64)
	at com.kms.katalon.core.webui.keyword.internal.WebUIKeywordMain.runKeyword(WebUIKeywordMain.groovy:26)
	at com.kms.katalon.core.webui.keyword.builtin.ClickKeyword.click(ClickKeyword.groovy:74)
	at com.kms.katalon.core.webui.keyword.builtin.ClickKeyword.execute(ClickKeyword.groovy:40)
	at com.kms.katalon.core.keyword.internal.KeywordExecutor.executeKeywordForPlatform(KeywordExecutor.groovy:74)
	at com.kms.katalon.core.webui.keyword.WebUiBuiltInKeywords.click(WebUiBuiltInKeywords.groovy:620)
	at Verify LifeScience in Deloitte Industry.run(Verify LifeScience in Deloitte Industry:30)
	at com.kms.katalon.core.main.ScriptEngine.run(ScriptEngine.java:194)
	at com.kms.katalon.core.main.ScriptEngine.runScriptAsRawText(ScriptEngine.java:119)
	at com.kms.katalon.core.main.TestCaseExecutor.runScript(TestCaseExecutor.java:448)
	at com.kms.katalon.core.main.TestCaseExecutor.doExecute(TestCaseExecutor.java:439)
	at com.kms.katalon.core.main.TestCaseExecutor.processExecutionPhase(TestCaseExecutor.java:418)
	at com.kms.katalon.core.main.TestCaseExecutor.accessMainPhase(TestCaseExecutor.java:410)
	at com.kms.katalon.core.main.TestCaseExecutor.execute(TestCaseExecutor.java:285)
	at com.kms.katalon.core.main.TestCaseExecutor.execute(TestCaseExecutor.java:369)
	at com.kms.katalon.core.main.TestCaseExecutor.execute(TestCaseExecutor.java:369)
	at com.kms.katalon.core.main.TestCaseExecutor.execute(TestCaseExecutor.java:369)
	at com.kms.katalon.core.common.CommonExecutor.accessTestCaseMainPhase(CommonExecutor.java:65)
	at com.kms.katalon.core.main.TestSuiteExecutor.accessTestSuiteMainPhase(TestSuiteExecutor.java:148)
	at com.kms.katalon.core.main.TestSuiteExecutor.execute(TestSuiteExecutor.java:106)
	at com.kms.katalon.core.main.TestCaseMain.startTestSuite(TestCaseMain.java:187)
	at TempTestSuite1698783825302.run(TempTestSuite1698783825302.groovy:36)
	at java.base/jdk.internal.reflect.NativeMethodAccessorImpl.invoke0(Native Method)
	at java.base/jdk.internal.reflect.NativeMethodAccessorImpl.invoke(NativeMethodAccessorImpl.java:77)
	at java.base/jdk.internal.reflect.DelegatingMethodAccessorImpl.invoke(DelegatingMethodAccessorImpl.java:43)
Caused by: org.openqa.selenium.ElementNotInteractableException: element not interactable
  (Session info: chrome=118.0.5993.118)
Build info: version: '3.141.59', revision: 'e82be7d358', time: '2018-11-14T08:25:53'
System info: host: 'USPRNRCHALIL2', ip: '10.0.0.182', os.name: 'Windows 10', os.arch: 'amd64', os.version: '10.0', java.version: '17.0.7'
Driver info: com.kms.katalon.selenium.driver.CChromeDriver
Capabilities {acceptInsecureCerts: false, browserName: chrome, browserVersion: 118.0.5993.118, chrome: {chromedriverVersion: 118.0.5993.70 (e52f33f30b91..., userDataDir: C:\Users\rchalil\AppData\Lo...}, fedcm:accounts: true, goog:chromeOptions: {debuggerAddress: localhost:62000}, javascriptEnabled: true, networkConnectionEnabled: false, pageLoadStrategy: normal, platform: WINDOWS, platformName: WINDOWS, proxy: Proxy(), setWindowRect: true, strictFileInteractability: false, timeouts: {implicit: 0, pageLoad: 300000, script: 30000}, unhandledPromptBehavior: dismiss and notify, webauthn:extension:credBlob: true, webauthn:extension:largeBlob: true, webauthn:extension:minPinLength: true, webauthn:extension:prf: true, webauthn:virtualAuthenticators: true}
Session ID: e823c7a3188e637362ea34d82d7dbda2
	at java.base/jdk.internal.reflect.NativeConstructorAccessorImpl.newInstance0(Native Method)
	at java.base/jdk.internal.reflect.NativeConstructorAccessorImpl.newInstance(NativeConstructorAccessorImpl.java:77)
	at java.base/jdk.internal.reflect.DelegatingConstructorAccessorImpl.newInstance(DelegatingConstructorAccessorImpl.java:45)
	at org.openqa.selenium.remote.http.W3CHttpResponseCodec.createException(W3CHttpResponseCodec.java:187)
	at org.openqa.selenium.remote.http.W3CHttpResponseCodec.decode(W3CHttpResponseCodec.java:122)
	at org.openqa.selenium.remote.http.W3CHttpResponseCodec.decode(W3CHttpResponseCodec.java:49)
	at org.openqa.selenium.remote.HttpCommandExecutor.execute(HttpCommandExecutor.java:158)
	at org.openqa.selenium.remote.service.DriverCommandExecutor.execute(DriverCommandExecutor.java:83)
	at org.openqa.selenium.remote.RemoteWebDriver.execute(RemoteWebDriver.java:552)
	at com.kms.katalon.selenium.driver.CChromeDriver.execute(CChromeDriver.java:19)
	at org.openqa.selenium.remote.RemoteWebElement.execute(RemoteWebElement.java:285)
	at org.openqa.selenium.remote.RemoteWebElement.click(RemoteWebElement.java:84)
	at jdk.internal.reflect.GeneratedMethodAccessor17.invoke(Unknown Source)
	at java.base/jdk.internal.reflect.DelegatingMethodAccessorImpl.invoke(DelegatingMethodAccessorImpl.java:43)
	at org.openqa.selenium.support.events.EventFiringWebDriver$EventFiringWebElement.lambda$new$0(EventFiringWebDriver.java:404)
	at jdk.proxy2/jdk.proxy2.$Proxy26.click(Unknown Source)
	at org.openqa.selenium.support.events.EventFiringWebDriver$EventFiringWebElement.click(EventFiringWebDriver.java:417)
	at org.openqa.selenium.WebElement$click.call(Unknown Source)
	at com.kms.katalon.core.webui.keyword.builtin.ClickKeyword.clickUntilSuccessWithTimeout(ClickKeyword.groovy:81)
	at com.kms.katalon.core.webui.keyword.builtin.ClickKeyword.clickUntilSuccessWithTimeout(ClickKeyword.groovy)
	at jdk.internal.reflect.GeneratedMethodAccessor15.invoke(Unknown Source)
	at java.base/jdk.internal.reflect.DelegatingMethodAccessorImpl.invoke(DelegatingMethodAccessorImpl.java:43)
	at com.kms.katalon.core.webui.keyword.builtin.ClickKeyword$_click_closure1.doCall(ClickKeyword.groovy:67)
	at com.kms.katalon.core.webui.keyword.builtin.ClickKeyword$_click_closure1.call(ClickKeyword.groovy)
	at com.kms.katalon.core.webui.keyword.internal.WebUIKeywordMain.runKeyword(WebUIKeywordMain.groovy:20)
	at com.kms.katalon.core.webui.keyword.builtin.ClickKeyword.click(ClickKeyword.groovy:74)
	at com.kms.katalon.core.webui.keyword.builtin.ClickKeyword.execute(ClickKeyword.groovy:40)
	at com.kms.katalon.core.keyword.internal.KeywordExecutor.executeKeywordForPlatform(KeywordExecutor.groovy:74)
	at com.kms.katalon.core.webui.keyword.WebUiBuiltInKeywords.click(WebUiBuiltInKeywords.groovy:620)
	at Script1698757120781.run(Script1698757120781.groovy:30)
	... 18 more
)
[[ATTACHMENT|C:\\Users\\rchalil\\Katalon Studio\\My First Web UI Project\\Reports\\20231031_162345\\Reshna - All TCs Suite\\20231031_162345\\1698784279990.png]]

2023-10-31 16:31:20 - [TEST_STEP][PASSED] - Start listener action : sampleAfterTestCase: null

2023-10-31 16:31:20 - [TEST_STEP][PASSED] - println(testCaseContext.getTestCaseId()): null

2023-10-31 16:31:20 - [TEST_STEP][PASSED] - println(testCaseContext.getTestCaseStatus()): null]]></system-out>
         <system-err><![CDATA[2023-10-31 16:31:06 - [TEST_CASE][FAILED] - Test Cases/Verify LifeScience in Deloitte Industry: Test Cases/Verify LifeScience in Deloitte Industry FAILED.
Reason:
com.kms.katalon.core.exception.StepFailedException: Unable to click on object 'Object Repository/Deloitte/Page_Deloitte US  Audit, Consulting, Adviso_ec7ae4/a_Life Sciences  Health Care'
	at com.kms.katalon.core.webui.keyword.internal.WebUIKeywordMain.stepFailed(WebUIKeywordMain.groovy:64)
	at com.kms.katalon.core.webui.keyword.internal.WebUIKeywordMain.runKeyword(WebUIKeywordMain.groovy:26)
	at com.kms.katalon.core.webui.keyword.builtin.ClickKeyword.click(ClickKeyword.groovy:74)
	at com.kms.katalon.core.webui.keyword.builtin.ClickKeyword.execute(ClickKeyword.groovy:40)
	at com.kms.katalon.core.keyword.internal.KeywordExecutor.executeKeywordForPlatform(KeywordExecutor.groovy:74)
	at com.kms.katalon.core.webui.keyword.WebUiBuiltInKeywords.click(WebUiBuiltInKeywords.groovy:620)
	at Verify LifeScience in Deloitte Industry.run(Verify LifeScience in Deloitte Industry:30)
	at com.kms.katalon.core.main.ScriptEngine.run(ScriptEngine.java:194)
	at com.kms.katalon.core.main.ScriptEngine.runScriptAsRawText(ScriptEngine.java:119)
	at com.kms.katalon.core.main.TestCaseExecutor.runScript(TestCaseExecutor.java:448)
	at com.kms.katalon.core.main.TestCaseExecutor.doExecute(TestCaseExecutor.java:439)
	at com.kms.katalon.core.main.TestCaseExecutor.processExecutionPhase(TestCaseExecutor.java:418)
	at com.kms.katalon.core.main.TestCaseExecutor.accessMainPhase(TestCaseExecutor.java:410)
	at com.kms.katalon.core.main.TestCaseExecutor.execute(TestCaseExecutor.java:285)
	at com.kms.katalon.core.main.TestCaseExecutor.execute(TestCaseExecutor.java:369)
	at com.kms.katalon.core.main.TestCaseExecutor.execute(TestCaseExecutor.java:369)
	at com.kms.katalon.core.main.TestCaseExecutor.execute(TestCaseExecutor.java:369)
	at com.kms.katalon.core.common.CommonExecutor.accessTestCaseMainPhase(CommonExecutor.java:65)
	at com.kms.katalon.core.main.TestSuiteExecutor.accessTestSuiteMainPhase(TestSuiteExecutor.java:148)
	at com.kms.katalon.core.main.TestSuiteExecutor.execute(TestSuiteExecutor.java:106)
	at com.kms.katalon.core.main.TestCaseMain.startTestSuite(TestCaseMain.java:187)
	at TempTestSuite1698783825302.run(TempTestSuite1698783825302.groovy:36)
	at java.base/jdk.internal.reflect.NativeMethodAccessorImpl.invoke0(Native Method)
	at java.base/jdk.internal.reflect.NativeMethodAccessorImpl.invoke(NativeMethodAccessorImpl.java:77)
	at java.base/jdk.internal.reflect.DelegatingMethodAccessorImpl.invoke(DelegatingMethodAccessorImpl.java:43)
Caused by: org.openqa.selenium.ElementNotInteractableException: element not interactable
  (Session info: chrome=118.0.5993.118)
Build info: version: '3.141.59', revision: 'e82be7d358', time: '2018-11-14T08:25:53'
System info: host: 'USPRNRCHALIL2', ip: '10.0.0.182', os.name: 'Windows 10', os.arch: 'amd64', os.version: '10.0', java.version: '17.0.7'
Driver info: com.kms.katalon.selenium.driver.CChromeDriver
Capabilities {acceptInsecureCerts: false, browserName: chrome, browserVersion: 118.0.5993.118, chrome: {chromedriverVersion: 118.0.5993.70 (e52f33f30b91..., userDataDir: C:\Users\rchalil\AppData\Lo...}, fedcm:accounts: true, goog:chromeOptions: {debuggerAddress: localhost:62000}, javascriptEnabled: true, networkConnectionEnabled: false, pageLoadStrategy: normal, platform: WINDOWS, platformName: WINDOWS, proxy: Proxy(), setWindowRect: true, strictFileInteractability: false, timeouts: {implicit: 0, pageLoad: 300000, script: 30000}, unhandledPromptBehavior: dismiss and notify, webauthn:extension:credBlob: true, webauthn:extension:largeBlob: true, webauthn:extension:minPinLength: true, webauthn:extension:prf: true, webauthn:virtualAuthenticators: true}
Session ID: e823c7a3188e637362ea34d82d7dbda2
	at java.base/jdk.internal.reflect.NativeConstructorAccessorImpl.newInstance0(Native Method)
	at java.base/jdk.internal.reflect.NativeConstructorAccessorImpl.newInstance(NativeConstructorAccessorImpl.java:77)
	at java.base/jdk.internal.reflect.DelegatingConstructorAccessorImpl.newInstance(DelegatingConstructorAccessorImpl.java:45)
	at org.openqa.selenium.remote.http.W3CHttpResponseCodec.createException(W3CHttpResponseCodec.java:187)
	at org.openqa.selenium.remote.http.W3CHttpResponseCodec.decode(W3CHttpResponseCodec.java:122)
	at org.openqa.selenium.remote.http.W3CHttpResponseCodec.decode(W3CHttpResponseCodec.java:49)
	at org.openqa.selenium.remote.HttpCommandExecutor.execute(HttpCommandExecutor.java:158)
	at org.openqa.selenium.remote.service.DriverCommandExecutor.execute(DriverCommandExecutor.java:83)
	at org.openqa.selenium.remote.RemoteWebDriver.execute(RemoteWebDriver.java:552)
	at com.kms.katalon.selenium.driver.CChromeDriver.execute(CChromeDriver.java:19)
	at org.openqa.selenium.remote.RemoteWebElement.execute(RemoteWebElement.java:285)
	at org.openqa.selenium.remote.RemoteWebElement.click(RemoteWebElement.java:84)
	at jdk.internal.reflect.GeneratedMethodAccessor17.invoke(Unknown Source)
	at java.base/jdk.internal.reflect.DelegatingMethodAccessorImpl.invoke(DelegatingMethodAccessorImpl.java:43)
	at org.openqa.selenium.support.events.EventFiringWebDriver$EventFiringWebElement.lambda$new$0(EventFiringWebDriver.java:404)
	at jdk.proxy2/jdk.proxy2.$Proxy26.click(Unknown Source)
	at org.openqa.selenium.support.events.EventFiringWebDriver$EventFiringWebElement.click(EventFiringWebDriver.java:417)
	at org.openqa.selenium.WebElement$click.call(Unknown Source)
	at com.kms.katalon.core.webui.keyword.builtin.ClickKeyword.clickUntilSuccessWithTimeout(ClickKeyword.groovy:81)
	at com.kms.katalon.core.webui.keyword.builtin.ClickKeyword.clickUntilSuccessWithTimeout(ClickKeyword.groovy)
	at jdk.internal.reflect.GeneratedMethodAccessor15.invoke(Unknown Source)
	at java.base/jdk.internal.reflect.DelegatingMethodAccessorImpl.invoke(DelegatingMethodAccessorImpl.java:43)
	at com.kms.katalon.core.webui.keyword.builtin.ClickKeyword$_click_closure1.doCall(ClickKeyword.groovy:67)
	at com.kms.katalon.core.webui.keyword.builtin.ClickKeyword$_click_closure1.call(ClickKeyword.groovy)
	at com.kms.katalon.core.webui.keyword.internal.WebUIKeywordMain.runKeyword(WebUIKeywordMain.groovy:20)
	... 23 more]]></system-err>
      </testcase>
      <testcase name="Test Cases/Verify Tax in Deloitte website" time="15.762" classname="Test Cases/Verify Tax in Deloitte website" status="PASSED">
         <system-out><![CDATA[2023-10-31 16:31:20 - [TEST_CASE][PASSED] - Test Cases/Verify Tax in Deloitte website: Test Cases/Verify Tax in Deloitte website

2023-10-31 16:31:20 - [TEST_STEP][PASSED] - Start listener action : sampleBeforeTestCase: null

2023-10-31 16:31:20 - [TEST_STEP][PASSED] - println(testCaseContext.getTestCaseId()): null

2023-10-31 16:31:20 - [TEST_STEP][PASSED] - println(testCaseContext.getTestCaseVariables()): null

2023-10-31 16:31:20 - [TEST_STEP][PASSED] - openBrowser(""): Browser is opened with url: ''

2023-10-31 16:31:20 - [MESSAGE][WARNING] - A browser is already opened. Closing browser and opening a new one

2023-10-31 16:31:20 - [MESSAGE][INFO] - Starting 'Chrome' driver

2023-10-31 16:31:20 - [MESSAGE][INFO] - Action delay is set to 0 milliseconds

2023-10-31 16:31:23 - [MESSAGE][PASSED] - Browser is opened with url: ''

2023-10-31 16:31:23 - [TEST_STEP][PASSED] - navigateToUrl("https://www2.deloitte.com/us/en.html"): Navigate to 'https://www2.deloitte.com/us/en.html' successfully

2023-10-31 16:31:25 - [MESSAGE][PASSED] - Navigate to 'https://www2.deloitte.com/us/en.html' successfully

2023-10-31 16:31:25 - [TEST_STEP][PASSED] - click(findTestObject("Object Repository/Deloitte/Page_Deloitte US  Audit, Consulting, Adviso_ec7ae4/button_Accept and close")): Object: 'Object Repository/Deloitte/Page_Deloitte US  Audit, Consulting, Adviso_ec7ae4/button_Accept and close' is clicked on

2023-10-31 16:31:29 - [MESSAGE][PASSED] - Object: 'Object Repository/Deloitte/Page_Deloitte US  Audit, Consulting, Adviso_ec7ae4/button_Accept and close' is clicked on

2023-10-31 16:31:29 - [TEST_STEP][PASSED] - maximizeWindow(): Current window maximized

2023-10-31 16:31:29 - [MESSAGE][PASSED] - Current window maximized

2023-10-31 16:31:29 - [TEST_STEP][PASSED] - setText(findTestObject("Object Repository/Deloitte/Page_Deloitte US  Audit, Consulting, Adviso_ec7ae4/input_cmp-advanced-search__input ng-untouch_fd955c"), "tax"): Text 'tax' is set on object 'Object Repository/Deloitte/Page_Deloitte US  Audit, Consulting, Adviso_ec7ae4/input_cmp-advanced-search__input ng-untouch_fd955c'

2023-10-31 16:31:32 - [MESSAGE][PASSED] - Text 'tax' is set on object 'Object Repository/Deloitte/Page_Deloitte US  Audit, Consulting, Adviso_ec7ae4/input_cmp-advanced-search__input ng-untouch_fd955c'

2023-10-31 16:31:32 - [TEST_STEP][PASSED] - click(findTestObject("Object Repository/Deloitte/Page_Deloitte US  Audit, Consulting, Adviso_ec7ae4/i_icon-chevron")): Object: 'Object Repository/Deloitte/Page_Deloitte US  Audit, Consulting, Adviso_ec7ae4/i_icon-chevron' is clicked on

2023-10-31 16:31:34 - [MESSAGE][PASSED] - Object: 'Object Repository/Deloitte/Page_Deloitte US  Audit, Consulting, Adviso_ec7ae4/i_icon-chevron' is clicked on

2023-10-31 16:31:34 - [TEST_STEP][PASSED] - verifyElementPresent(findTestObject("Object Repository/Deloitte/Page_Deloitte Search Basic/h1_Results for tax"), 0): Object 'Object Repository/Deloitte/Page_Deloitte Search Basic/h1_Results for tax' is present

2023-10-31 16:31:34 - [MESSAGE][WARNING] - Timeout '0' is invalid. Using default page load timeout: '30'

2023-10-31 16:31:35 - [MESSAGE][PASSED] - Object 'Object Repository/Deloitte/Page_Deloitte Search Basic/h1_Results for tax' is present

2023-10-31 16:31:35 - [TEST_STEP][PASSED] - closeBrowser(): Browser is closed

2023-10-31 16:31:36 - [MESSAGE][PASSED] - Browser is closed

2023-10-31 16:31:36 - [TEST_STEP][PASSED] - Start listener action : sampleAfterTestCase: null

2023-10-31 16:31:36 - [TEST_STEP][PASSED] - println(testCaseContext.getTestCaseId()): null

2023-10-31 16:31:36 - [TEST_STEP][PASSED] - println(testCaseContext.getTestCaseStatus()): null]]></system-out>
         <system-err><![CDATA[]]></system-err>
      </testcase>
      <testcase name="Test Cases/Gmail - Incorrect login verification" time="7.562" classname="Test Cases/Gmail - Incorrect login verification" status="PASSED">
         <system-out><![CDATA[2023-10-31 16:31:36 - [TEST_CASE][PASSED] - Test Cases/Gmail - Incorrect login verification: Test Cases/Gmail - Incorrect login verification

2023-10-31 16:31:36 - [TEST_STEP][PASSED] - Start listener action : sampleBeforeTestCase: null

2023-10-31 16:31:36 - [TEST_STEP][PASSED] - println(testCaseContext.getTestCaseId()): null

2023-10-31 16:31:36 - [TEST_STEP][PASSED] - println(testCaseContext.getTestCaseVariables()): null

2023-10-31 16:31:36 - [TEST_STEP][PASSED] - openBrowser(""): Browser is opened with url: ''

2023-10-31 16:31:36 - [MESSAGE][INFO] - Starting 'Chrome' driver

2023-10-31 16:31:36 - [MESSAGE][INFO] - Action delay is set to 0 milliseconds

2023-10-31 16:31:38 - [MESSAGE][PASSED] - Browser is opened with url: ''

2023-10-31 16:31:38 - [TEST_STEP][PASSED] - navigateToUrl("https://accounts.google.com/v3/signin/identifier?continue=https%3A%2F%2Fmail.google.com%2Fmail%2Fu%2F0%2F&emr=1&followup=https%3A%2F%2Fmail.google.com%2Fmail%2Fu%2F0%2F&ifkv=AVQVeywlj-QeinCv6drOjCNfoQ8bXTmpp7Hl7eVjr0AUWTEmWXqv0AIumDuU5lI3vpnkTyFo2aOM&osid=1&passive=1209600&service=mail&flowName=GlifWebSignIn&flowEntry=ServiceLogin&dsh=S-1458760932%3A1698778577004689&theme=glif#inbox"): Navigate to 'https://accounts.google.com/v3/signin/identifier?continue=https%3A%2F%2Fmail.google.com%2Fmail%2Fu%2F0%2F&emr=1&followup=https%3A%2F%2Fmail.google.com%2Fmail%2Fu%2F0%2F&ifkv=AVQVeywlj-QeinCv6drOjCNfoQ8bXTmpp7Hl7eVjr0AUWTEmWXqv0AIumDuU5lI3vpnkTyFo2aOM&osid=1&passive=1209600&service=mail&flowName=GlifWebSignIn&flowEntry=ServiceLogin&dsh=S-1458760932%3A1698778577004689&theme=glif#inbox' successfully

2023-10-31 16:31:40 - [MESSAGE][PASSED] - Navigate to 'https://accounts.google.com/v3/signin/identifier?continue=https%3A%2F%2Fmail.google.com%2Fmail%2Fu%2F0%2F&emr=1&followup=https%3A%2F%2Fmail.google.com%2Fmail%2Fu%2F0%2F&ifkv=AVQVeywlj-QeinCv6drOjCNfoQ8bXTmpp7Hl7eVjr0AUWTEmWXqv0AIumDuU5lI3vpnkTyFo2aOM&osid=1&passive=1209600&service=mail&flowName=GlifWebSignIn&flowEntry=ServiceLogin&dsh=S-1458760932%3A1698778577004689&theme=glif#inbox' successfully

2023-10-31 16:31:40 - [TEST_STEP][PASSED] - maximizeWindow(): Current window maximized

2023-10-31 16:31:40 - [MESSAGE][PASSED] - Current window maximized

2023-10-31 16:31:40 - [TEST_STEP][PASSED] - setText(findTestObject("Object Repository/Gmail/Page_Gmail/input_identifier"), "abcxyz"): Text 'abcxyz' is set on object 'Object Repository/Gmail/Page_Gmail/input_identifier'

2023-10-31 16:31:41 - [MESSAGE][PASSED] - Text 'abcxyz' is set on object 'Object Repository/Gmail/Page_Gmail/input_identifier'

2023-10-31 16:31:41 - [TEST_STEP][PASSED] - click(findTestObject("Object Repository/Gmail/Page_Gmail/span_Next")): Object: 'Object Repository/Gmail/Page_Gmail/span_Next' is clicked on

2023-10-31 16:31:42 - [MESSAGE][PASSED] - Object: 'Object Repository/Gmail/Page_Gmail/span_Next' is clicked on

2023-10-31 16:31:42 - [TEST_STEP][PASSED] - verifyElementPresent(findTestObject("Object Repository/Gmail/Page_Gmail/span_Couldnt sign you in"), 0): Object 'Object Repository/Gmail/Page_Gmail/span_Couldnt sign you in' is present

2023-10-31 16:31:42 - [MESSAGE][WARNING] - Timeout '0' is invalid. Using default page load timeout: '30'

2023-10-31 16:31:43 - [MESSAGE][PASSED] - Object 'Object Repository/Gmail/Page_Gmail/span_Couldnt sign you in' is present

2023-10-31 16:31:43 - [TEST_STEP][PASSED] - closeBrowser(): Browser is closed

2023-10-31 16:31:43 - [MESSAGE][PASSED] - Browser is closed

2023-10-31 16:31:43 - [TEST_STEP][PASSED] - Start listener action : sampleAfterTestCase: null

2023-10-31 16:31:43 - [TEST_STEP][PASSED] - println(testCaseContext.getTestCaseId()): null

2023-10-31 16:31:43 - [TEST_STEP][PASSED] - println(testCaseContext.getTestCaseStatus()): null]]></system-out>
         <system-err><![CDATA[]]></system-err>
      </testcase>
      <testcase name="Test Cases/Gmail - Forgot email verification" time="38.199" classname="Test Cases/Gmail - Forgot email verification" status="PASSED">
         <system-out><![CDATA[2023-10-31 16:31:43 - [TEST_CASE][PASSED] - Test Cases/Gmail - Forgot email verification: Test Cases/Gmail - Forgot email verification

2023-10-31 16:31:43 - [TEST_STEP][PASSED] - Start listener action : sampleBeforeTestCase: null

2023-10-31 16:31:43 - [TEST_STEP][PASSED] - println(testCaseContext.getTestCaseId()): null

2023-10-31 16:31:43 - [TEST_STEP][PASSED] - println(testCaseContext.getTestCaseVariables()): null

2023-10-31 16:31:43 - [TEST_STEP][PASSED] - openBrowser(""): Browser is opened with url: ''

2023-10-31 16:31:43 - [MESSAGE][INFO] - Starting 'Chrome' driver

2023-10-31 16:31:43 - [MESSAGE][INFO] - Action delay is set to 0 milliseconds

2023-10-31 16:31:46 - [MESSAGE][PASSED] - Browser is opened with url: ''

2023-10-31 16:31:46 - [TEST_STEP][PASSED] - navigateToUrl("https://accounts.google.com/v3/signin/identifier?continue=https%3A%2F%2Fmail.google.com%2Fmail%2Fu%2F0%2F&emr=1&followup=https%3A%2F%2Fmail.google.com%2Fmail%2Fu%2F0%2F&ifkv=AVQVeyz2KxDaCIoSux7c4LnD_19qaKALraXqCL6tDXgQtR0fl_r0sRWKJdWPPWF9Ald7Va9H4pwIZA&osid=1&passive=1209600&service=mail&flowName=GlifWebSignIn&flowEntry=ServiceLogin&dsh=S285881911%3A1698779896826121&theme=glif#inbox"): Navigate to 'https://accounts.google.com/v3/signin/identifier?continue=https%3A%2F%2Fmail.google.com%2Fmail%2Fu%2F0%2F&emr=1&followup=https%3A%2F%2Fmail.google.com%2Fmail%2Fu%2F0%2F&ifkv=AVQVeyz2KxDaCIoSux7c4LnD_19qaKALraXqCL6tDXgQtR0fl_r0sRWKJdWPPWF9Ald7Va9H4pwIZA&osid=1&passive=1209600&service=mail&flowName=GlifWebSignIn&flowEntry=ServiceLogin&dsh=S285881911%3A1698779896826121&theme=glif#inbox' successfully

2023-10-31 16:31:47 - [MESSAGE][PASSED] - Navigate to 'https://accounts.google.com/v3/signin/identifier?continue=https%3A%2F%2Fmail.google.com%2Fmail%2Fu%2F0%2F&emr=1&followup=https%3A%2F%2Fmail.google.com%2Fmail%2Fu%2F0%2F&ifkv=AVQVeyz2KxDaCIoSux7c4LnD_19qaKALraXqCL6tDXgQtR0fl_r0sRWKJdWPPWF9Ald7Va9H4pwIZA&osid=1&passive=1209600&service=mail&flowName=GlifWebSignIn&flowEntry=ServiceLogin&dsh=S285881911%3A1698779896826121&theme=glif#inbox' successfully

2023-10-31 16:31:47 - [TEST_STEP][PASSED] - maximizeWindow(): Current window maximized

2023-10-31 16:31:47 - [MESSAGE][PASSED] - Current window maximized

2023-10-31 16:31:47 - [TEST_STEP][PASSED] - click(findTestObject("Object Repository/Gmail/Page_Gmail/button_Forgot email")): Object: 'Object Repository/Gmail/Page_Gmail/button_Forgot email' is clicked on

2023-10-31 16:31:48 - [MESSAGE][PASSED] - Object: 'Object Repository/Gmail/Page_Gmail/button_Forgot email' is clicked on

2023-10-31 16:31:48 - [TEST_STEP][PASSED] - click(findTestObject("Object Repository/Gmail/Page_Gmail/span_Next")): Object: 'Object Repository/Gmail/Page_Gmail/span_Next' is clicked on

2023-10-31 16:32:20 - [MESSAGE][INFO] - Unable to find the element located by 'By.xpath: //div[@id='identifierNext']/div/button/span'. Please recheck the objects properties to make sure the desired element is located. 

2023-10-31 16:32:20 - [MESSAGE][WARNING] - [SELF-HEALING] Failed to find element with id 'Object Repository/Gmail/Page_Gmail/span_Next'. Try using Self-healing.

2023-10-31 16:32:20 - [MESSAGE][INFO] - [SELF-HEALING] Failed Locator: '//div[@id='identifierNext']/div/button/span'.

2023-10-31 16:32:20 - [MESSAGE][INFO] - [SELF-HEALING] Working Locator: '//div[2]/div/div/div/div/button/span'.

2023-10-31 16:32:20 - [MESSAGE][INFO] - [SELF-HEALING] Screenshot: C:/Users/rchalil/Katalon Studio/My First Web UI Project/Reports/Self-healing/Object Repository/Gmail/Page_Gmail/span_Next_position.png

2023-10-31 16:32:20 - [MESSAGE][WARNING] - [SELF-HEALING] The current locator of test object 'Object Repository/Gmail/Page_Gmail/span_Next' was broken. Propose an alternative one: '//div[2]/div/div/div/div/button/span'.

2023-10-31 16:32:20 - [MESSAGE][PASSED] - Object: 'Object Repository/Gmail/Page_Gmail/span_Next' is clicked on

2023-10-31 16:32:20 - [TEST_STEP][PASSED] - verifyElementPresent(findTestObject("Object Repository/Gmail/Page_Gmail/div_Enter a valid email or phone number"), 0): Object 'Object Repository/Gmail/Page_Gmail/div_Enter a valid email or phone number' is present

2023-10-31 16:32:20 - [MESSAGE][WARNING] - Timeout '0' is invalid. Using default page load timeout: '30'

2023-10-31 16:32:21 - [MESSAGE][PASSED] - Object 'Object Repository/Gmail/Page_Gmail/div_Enter a valid email or phone number' is present

2023-10-31 16:32:21 - [TEST_STEP][PASSED] - closeBrowser(): Browser is closed

2023-10-31 16:32:21 - [MESSAGE][PASSED] - Browser is closed

2023-10-31 16:32:21 - [TEST_STEP][PASSED] - Start listener action : sampleAfterTestCase: null

2023-10-31 16:32:21 - [TEST_STEP][PASSED] - println(testCaseContext.getTestCaseId()): null

2023-10-31 16:32:21 - [TEST_STEP][PASSED] - println(testCaseContext.getTestCaseStatus()): null]]></system-out>
         <system-err><![CDATA[]]></system-err>
      </testcase>
      <testcase name="Test Cases/Download Deloitte Survey findins - Switch Window" time="14.558" classname="Test Cases/Download Deloitte Survey findins - Switch Window" status="PASSED">
         <system-out><![CDATA[2023-10-31 16:32:21 - [TEST_CASE][PASSED] - Test Cases/Download Deloitte Survey findins - Switch Window: Test Cases/Download Deloitte Survey findins - Switch Window

2023-10-31 16:32:21 - [TEST_STEP][PASSED] - Start listener action : sampleBeforeTestCase: null

2023-10-31 16:32:21 - [TEST_STEP][PASSED] - println(testCaseContext.getTestCaseId()): null

2023-10-31 16:32:21 - [TEST_STEP][PASSED] - println(testCaseContext.getTestCaseVariables()): null

2023-10-31 16:32:21 - [TEST_STEP][PASSED] - openBrowser(""): Browser is opened with url: ''

2023-10-31 16:32:21 - [MESSAGE][INFO] - Starting 'Chrome' driver

2023-10-31 16:32:21 - [MESSAGE][INFO] - Action delay is set to 0 milliseconds

2023-10-31 16:32:24 - [MESSAGE][PASSED] - Browser is opened with url: ''

2023-10-31 16:32:24 - [TEST_STEP][PASSED] - navigateToUrl("https://www2.deloitte.com/us/en.html"): Navigate to 'https://www2.deloitte.com/us/en.html' successfully

2023-10-31 16:32:27 - [MESSAGE][PASSED] - Navigate to 'https://www2.deloitte.com/us/en.html' successfully

2023-10-31 16:32:27 - [TEST_STEP][PASSED] - maximizeWindow(): Current window maximized

2023-10-31 16:32:27 - [MESSAGE][PASSED] - Current window maximized

2023-10-31 16:32:27 - [TEST_STEP][PASSED] - click(findTestObject("Object Repository/Deloitte/Page_Deloitte US  Audit, Consulting, Adviso_ec7ae4/button_Accept and close")): Object: 'Object Repository/Deloitte/Page_Deloitte US  Audit, Consulting, Adviso_ec7ae4/button_Accept and close' is clicked on

2023-10-31 16:32:32 - [MESSAGE][PASSED] - Object: 'Object Repository/Deloitte/Page_Deloitte US  Audit, Consulting, Adviso_ec7ae4/button_Accept and close' is clicked on

2023-10-31 16:32:32 - [TEST_STEP][PASSED] - click(findTestObject("Object Repository/Deloitte/Page_Deloitte US  Audit, Consulting, Adviso_ec7ae4/div_Read the survey findings")): Object: 'Object Repository/Deloitte/Page_Deloitte US  Audit, Consulting, Adviso_ec7ae4/div_Read the survey findings' is clicked on

2023-10-31 16:32:35 - [MESSAGE][PASSED] - Object: 'Object Repository/Deloitte/Page_Deloitte US  Audit, Consulting, Adviso_ec7ae4/div_Read the survey findings' is clicked on

2023-10-31 16:32:35 - [TEST_STEP][PASSED] - click(findTestObject("Object Repository/Deloitte/Page_2023 Deloitte holiday retail survey  D_2a1ba5/img")): Object: 'Object Repository/Deloitte/Page_2023 Deloitte holiday retail survey  D_2a1ba5/img' is clicked on

2023-10-31 16:32:35 - [MESSAGE][PASSED] - Object: 'Object Repository/Deloitte/Page_2023 Deloitte holiday retail survey  D_2a1ba5/img' is clicked on

2023-10-31 16:32:35 - [TEST_STEP][PASSED] - closeBrowser(): Browser is closed

2023-10-31 16:32:36 - [MESSAGE][PASSED] - Browser is closed

2023-10-31 16:32:36 - [TEST_STEP][PASSED] - Start listener action : sampleAfterTestCase: null

2023-10-31 16:32:36 - [TEST_STEP][PASSED] - println(testCaseContext.getTestCaseId()): null

2023-10-31 16:32:36 - [TEST_STEP][PASSED] - println(testCaseContext.getTestCaseStatus()): null]]></system-out>
         <system-err><![CDATA[]]></system-err>
      </testcase>
      <system-out><![CDATA[2023-10-31 16:23:50 - [TEST_SUITE][FAILED] - Reshna - All TCs Suite: Test Cases/Search Google FAILED.
Reason:
com.kms.katalon.core.exception.StepFailedException: Unable to click on object 'Object Repository/Page_Business Outcomes  Software Testing  Q_7c4bce/div_Get started'
	at com.kms.katalon.core.webui.keyword.internal.WebUIKeywordMain.stepFailed(WebUIKeywordMain.groovy:64)
	at com.kms.katalon.core.webui.keyword.internal.WebUIKeywordMain.runKeyword(WebUIKeywordMain.groovy:26)
	at com.kms.katalon.core.webui.keyword.builtin.ClickKeyword.click(ClickKeyword.groovy:74)
	at com.kms.katalon.core.webui.keyword.builtin.ClickKeyword.execute(ClickKeyword.groovy:40)
	at com.kms.katalon.core.keyword.internal.KeywordExecutor.executeKeywordForPlatform(KeywordExecutor.groovy:74)
	at com.kms.katalon.core.webui.keyword.WebUiBuiltInKeywords.click(WebUiBuiltInKeywords.groovy:620)
	at Search Google.run(Search Google:38)
	at com.kms.katalon.core.main.ScriptEngine.run(ScriptEngine.java:194)
	at com.kms.katalon.core.main.ScriptEngine.runScriptAsRawText(ScriptEngine.java:119)
	at com.kms.katalon.core.main.TestCaseExecutor.runScript(TestCaseExecutor.java:448)
	at com.kms.katalon.core.main.TestCaseExecutor.doExecute(TestCaseExecutor.java:439)
	at com.kms.katalon.core.main.TestCaseExecutor.processExecutionPhase(TestCaseExecutor.java:418)
	at com.kms.katalon.core.main.TestCaseExecutor.accessMainPhase(TestCaseExecutor.java:410)
	at com.kms.katalon.core.main.TestCaseExecutor.execute(TestCaseExecutor.java:285)
	at com.kms.katalon.core.common.CommonExecutor.accessTestCaseMainPhase(CommonExecutor.java:65)
	at com.kms.katalon.core.main.TestSuiteExecutor.accessTestSuiteMainPhase(TestSuiteExecutor.java:148)
	at com.kms.katalon.core.main.TestSuiteExecutor.execute(TestSuiteExecutor.java:106)
	at com.kms.katalon.core.main.TestCaseMain.startTestSuite(TestCaseMain.java:187)
	at TempTestSuite1698783825302.run(TempTestSuite1698783825302.groovy:36)
	at java.base/jdk.internal.reflect.NativeMethodAccessorImpl.invoke0(Native Method)
	at java.base/jdk.internal.reflect.NativeMethodAccessorImpl.invoke(NativeMethodAccessorImpl.java:77)
	at java.base/jdk.internal.reflect.DelegatingMethodAccessorImpl.invoke(DelegatingMethodAccessorImpl.java:43)
Caused by: org.openqa.selenium.ElementClickInterceptedException: element click intercepted: Element <div class="hero_comapany_message">...</div> is not clickable at point (509, 508). Other element would receive the click: <div id="onetrust-policy-text">...</div>
  (Session info: chrome=118.0.5993.118)
Build info: version: '3.141.59', revision: 'e82be7d358', time: '2018-11-14T08:25:53'
System info: host: 'USPRNRCHALIL2', ip: '10.0.0.182', os.name: 'Windows 10', os.arch: 'amd64', os.version: '10.0', java.version: '17.0.7'
Driver info: com.kms.katalon.selenium.driver.CChromeDriver
Capabilities {acceptInsecureCerts: false, browserName: chrome, browserVersion: 118.0.5993.118, chrome: {chromedriverVersion: 118.0.5993.70 (e52f33f30b91..., userDataDir: C:\Users\rchalil\AppData\Lo...}, fedcm:accounts: true, goog:chromeOptions: {debuggerAddress: localhost:58899}, javascriptEnabled: true, networkConnectionEnabled: false, pageLoadStrategy: normal, platform: WINDOWS, platformName: WINDOWS, proxy: Proxy(), setWindowRect: true, strictFileInteractability: false, timeouts: {implicit: 0, pageLoad: 300000, script: 30000}, unhandledPromptBehavior: dismiss and notify, webauthn:extension:credBlob: true, webauthn:extension:largeBlob: true, webauthn:extension:minPinLength: true, webauthn:extension:prf: true, webauthn:virtualAuthenticators: true}
Session ID: 1b8264c4c54bf93610619f2f954ff715
	at java.base/jdk.internal.reflect.NativeConstructorAccessorImpl.newInstance0(Native Method)
	at java.base/jdk.internal.reflect.NativeConstructorAccessorImpl.newInstance(NativeConstructorAccessorImpl.java:77)
	at java.base/jdk.internal.reflect.DelegatingConstructorAccessorImpl.newInstance(DelegatingConstructorAccessorImpl.java:45)
	at org.openqa.selenium.remote.http.W3CHttpResponseCodec.createException(W3CHttpResponseCodec.java:187)
	at org.openqa.selenium.remote.http.W3CHttpResponseCodec.decode(W3CHttpResponseCodec.java:122)
	at org.openqa.selenium.remote.http.W3CHttpResponseCodec.decode(W3CHttpResponseCodec.java:49)
	at org.openqa.selenium.remote.HttpCommandExecutor.execute(HttpCommandExecutor.java:158)
	at org.openqa.selenium.remote.service.DriverCommandExecutor.execute(DriverCommandExecutor.java:83)
	at org.openqa.selenium.remote.RemoteWebDriver.execute(RemoteWebDriver.java:552)
	at com.kms.katalon.selenium.driver.CChromeDriver.execute(CChromeDriver.java:19)
	at org.openqa.selenium.remote.RemoteWebElement.execute(RemoteWebElement.java:285)
	at org.openqa.selenium.remote.RemoteWebElement.click(RemoteWebElement.java:84)
	at jdk.internal.reflect.GeneratedMethodAccessor17.invoke(Unknown Source)
	at java.base/jdk.internal.reflect.DelegatingMethodAccessorImpl.invoke(DelegatingMethodAccessorImpl.java:43)
	at org.openqa.selenium.support.events.EventFiringWebDriver$EventFiringWebElement.lambda$new$0(EventFiringWebDriver.java:404)
	at jdk.proxy2/jdk.proxy2.$Proxy26.click(Unknown Source)
	at org.openqa.selenium.support.events.EventFiringWebDriver$EventFiringWebElement.click(EventFiringWebDriver.java:417)
	at org.openqa.selenium.WebElement$click.call(Unknown Source)
	at com.kms.katalon.core.webui.keyword.builtin.ClickKeyword.clickUntilSuccessWithTimeout(ClickKeyword.groovy:81)
	at com.kms.katalon.core.webui.keyword.builtin.ClickKeyword.clickUntilSuccessWithTimeout(ClickKeyword.groovy)
	at jdk.internal.reflect.GeneratedMethodAccessor15.invoke(Unknown Source)
	at java.base/jdk.internal.reflect.DelegatingMethodAccessorImpl.invoke(DelegatingMethodAccessorImpl.java:43)
	at com.kms.katalon.core.webui.keyword.builtin.ClickKeyword$_click_closure1.doCall(ClickKeyword.groovy:67)
	at com.kms.katalon.core.webui.keyword.builtin.ClickKeyword$_click_closure1.call(ClickKeyword.groovy)
	at com.kms.katalon.core.webui.keyword.internal.WebUIKeywordMain.runKeyword(WebUIKeywordMain.groovy:20)
	... 20 more]]></system-out>
      <system-err><![CDATA[2023-10-31 16:23:50 - [TEST_SUITE][FAILED] - Reshna - All TCs Suite: Test Cases/Search Google FAILED.
Reason:
com.kms.katalon.core.exception.StepFailedException: Unable to click on object 'Object Repository/Page_Business Outcomes  Software Testing  Q_7c4bce/div_Get started'
	at com.kms.katalon.core.webui.keyword.internal.WebUIKeywordMain.stepFailed(WebUIKeywordMain.groovy:64)
	at com.kms.katalon.core.webui.keyword.internal.WebUIKeywordMain.runKeyword(WebUIKeywordMain.groovy:26)
	at com.kms.katalon.core.webui.keyword.builtin.ClickKeyword.click(ClickKeyword.groovy:74)
	at com.kms.katalon.core.webui.keyword.builtin.ClickKeyword.execute(ClickKeyword.groovy:40)
	at com.kms.katalon.core.keyword.internal.KeywordExecutor.executeKeywordForPlatform(KeywordExecutor.groovy:74)
	at com.kms.katalon.core.webui.keyword.WebUiBuiltInKeywords.click(WebUiBuiltInKeywords.groovy:620)
	at Search Google.run(Search Google:38)
	at com.kms.katalon.core.main.ScriptEngine.run(ScriptEngine.java:194)
	at com.kms.katalon.core.main.ScriptEngine.runScriptAsRawText(ScriptEngine.java:119)
	at com.kms.katalon.core.main.TestCaseExecutor.runScript(TestCaseExecutor.java:448)
	at com.kms.katalon.core.main.TestCaseExecutor.doExecute(TestCaseExecutor.java:439)
	at com.kms.katalon.core.main.TestCaseExecutor.processExecutionPhase(TestCaseExecutor.java:418)
	at com.kms.katalon.core.main.TestCaseExecutor.accessMainPhase(TestCaseExecutor.java:410)
	at com.kms.katalon.core.main.TestCaseExecutor.execute(TestCaseExecutor.java:285)
	at com.kms.katalon.core.common.CommonExecutor.accessTestCaseMainPhase(CommonExecutor.java:65)
	at com.kms.katalon.core.main.TestSuiteExecutor.accessTestSuiteMainPhase(TestSuiteExecutor.java:148)
	at com.kms.katalon.core.main.TestSuiteExecutor.execute(TestSuiteExecutor.java:106)
	at com.kms.katalon.core.main.TestCaseMain.startTestSuite(TestCaseMain.java:187)
	at TempTestSuite1698783825302.run(TempTestSuite1698783825302.groovy:36)
	at java.base/jdk.internal.reflect.NativeMethodAccessorImpl.invoke0(Native Method)
	at java.base/jdk.internal.reflect.NativeMethodAccessorImpl.invoke(NativeMethodAccessorImpl.java:77)
	at java.base/jdk.internal.reflect.DelegatingMethodAccessorImpl.invoke(DelegatingMethodAccessorImpl.java:43)
Caused by: org.openqa.selenium.ElementClickInterceptedException: element click intercepted: Element <div class="hero_comapany_message">...</div> is not clickable at point (509, 508). Other element would receive the click: <div id="onetrust-policy-text">...</div>
  (Session info: chrome=118.0.5993.118)
Build info: version: '3.141.59', revision: 'e82be7d358', time: '2018-11-14T08:25:53'
System info: host: 'USPRNRCHALIL2', ip: '10.0.0.182', os.name: 'Windows 10', os.arch: 'amd64', os.version: '10.0', java.version: '17.0.7'
Driver info: com.kms.katalon.selenium.driver.CChromeDriver
Capabilities {acceptInsecureCerts: false, browserName: chrome, browserVersion: 118.0.5993.118, chrome: {chromedriverVersion: 118.0.5993.70 (e52f33f30b91..., userDataDir: C:\Users\rchalil\AppData\Lo...}, fedcm:accounts: true, goog:chromeOptions: {debuggerAddress: localhost:58899}, javascriptEnabled: true, networkConnectionEnabled: false, pageLoadStrategy: normal, platform: WINDOWS, platformName: WINDOWS, proxy: Proxy(), setWindowRect: true, strictFileInteractability: false, timeouts: {implicit: 0, pageLoad: 300000, script: 30000}, unhandledPromptBehavior: dismiss and notify, webauthn:extension:credBlob: true, webauthn:extension:largeBlob: true, webauthn:extension:minPinLength: true, webauthn:extension:prf: true, webauthn:virtualAuthenticators: true}
Session ID: 1b8264c4c54bf93610619f2f954ff715
	at java.base/jdk.internal.reflect.NativeConstructorAccessorImpl.newInstance0(Native Method)
	at java.base/jdk.internal.reflect.NativeConstructorAccessorImpl.newInstance(NativeConstructorAccessorImpl.java:77)
	at java.base/jdk.internal.reflect.DelegatingConstructorAccessorImpl.newInstance(DelegatingConstructorAccessorImpl.java:45)
	at org.openqa.selenium.remote.http.W3CHttpResponseCodec.createException(W3CHttpResponseCodec.java:187)
	at org.openqa.selenium.remote.http.W3CHttpResponseCodec.decode(W3CHttpResponseCodec.java:122)
	at org.openqa.selenium.remote.http.W3CHttpResponseCodec.decode(W3CHttpResponseCodec.java:49)
	at org.openqa.selenium.remote.HttpCommandExecutor.execute(HttpCommandExecutor.java:158)
	at org.openqa.selenium.remote.service.DriverCommandExecutor.execute(DriverCommandExecutor.java:83)
	at org.openqa.selenium.remote.RemoteWebDriver.execute(RemoteWebDriver.java:552)
	at com.kms.katalon.selenium.driver.CChromeDriver.execute(CChromeDriver.java:19)
	at org.openqa.selenium.remote.RemoteWebElement.execute(RemoteWebElement.java:285)
	at org.openqa.selenium.remote.RemoteWebElement.click(RemoteWebElement.java:84)
	at jdk.internal.reflect.GeneratedMethodAccessor17.invoke(Unknown Source)
	at java.base/jdk.internal.reflect.DelegatingMethodAccessorImpl.invoke(DelegatingMethodAccessorImpl.java:43)
	at org.openqa.selenium.support.events.EventFiringWebDriver$EventFiringWebElement.lambda$new$0(EventFiringWebDriver.java:404)
	at jdk.proxy2/jdk.proxy2.$Proxy26.click(Unknown Source)
	at org.openqa.selenium.support.events.EventFiringWebDriver$EventFiringWebElement.click(EventFiringWebDriver.java:417)
	at org.openqa.selenium.WebElement$click.call(Unknown Source)
	at com.kms.katalon.core.webui.keyword.builtin.ClickKeyword.clickUntilSuccessWithTimeout(ClickKeyword.groovy:81)
	at com.kms.katalon.core.webui.keyword.builtin.ClickKeyword.clickUntilSuccessWithTimeout(ClickKeyword.groovy)
	at jdk.internal.reflect.GeneratedMethodAccessor15.invoke(Unknown Source)
	at java.base/jdk.internal.reflect.DelegatingMethodAccessorImpl.invoke(DelegatingMethodAccessorImpl.java:43)
	at com.kms.katalon.core.webui.keyword.builtin.ClickKeyword$_click_closure1.doCall(ClickKeyword.groovy:67)
	at com.kms.katalon.core.webui.keyword.builtin.ClickKeyword$_click_closure1.call(ClickKeyword.groovy)
	at com.kms.katalon.core.webui.keyword.internal.WebUIKeywordMain.runKeyword(WebUIKeywordMain.groovy:20)
	... 20 more]]></system-err>
   </testsuite>
</testsuites>
